#
# There is insufficient memory for the Java Runtime Environment to continue.
# Native memory allocation (mmap) failed to map 80740352 bytes for committing reserved memory.
# Possible reasons:
#   The system is out of physical RAM or swap space
#   In 32 bit mode, the process size limit was hit
# Possible solutions:
#   Reduce memory load on the system
#   Increase physical memory or swap space
#   Check if swap backing store is full
#   Use 64 bit Java on a 64 bit OS
#   Decrease Java heap size (-Xmx/-Xms)
#   Decrease number of Java threads
#   Decrease Java thread stack sizes (-Xss)
#   Set larger code cache with -XX:ReservedCodeCacheSize=
# This output file may be truncated or incomplete.
#
#  Out of Memory Error (os_linux.cpp:2643), pid=10512, tid=0x00007f1494fff700
#
# JRE version: OpenJDK Runtime Environment (8.0_141-b15) (build 1.8.0_141-8u141-b15-3-b15)
# Java VM: OpenJDK 64-Bit Server VM (25.141-b15 mixed mode linux-amd64 compressed oops)
# Failed to write core dump. Core dumps have been disabled. To enable core dumping, try "ulimit -c unlimited" before starting Java again
#

---------------  T H R E A D  ---------------

Current thread (0x00007f14a407f000):  VMThread [stack: 0x00007f1494eff000,0x00007f1495000000] [id=10521]

Stack: [0x00007f1494eff000,0x00007f1495000000],  sp=0x00007f1494ffe4d0,  free space=1021k
Native frames: (J=compiled Java code, j=interpreted, Vv=VM code, C=native code)
V  [libjvm.so+0xa6ea60]  VMError::report_and_die()+0x160
V  [libjvm.so+0x4c792c]  report_vm_out_of_memory(char const*, int, unsigned long, VMErrorType, char const*)+0xac
V  [libjvm.so+0x8bddc0]  os::pd_commit_memory(char*, unsigned long, unsigned long, bool)+0xf0
V  [libjvm.so+0x8b844e]  os::commit_memory(char*, unsigned long, unsigned long, bool)+0x2e
V  [libjvm.so+0x932d1e]  PSVirtualSpace::expand_by(unsigned long)+0x4e
V  [libjvm.so+0x9340a3]  PSYoungGen::resize(unsigned long, unsigned long)+0x103
V  [libjvm.so+0x930693]  PSScavenge::invoke_no_policy()+0x13f3
V  [libjvm.so+0x93099c]  PSScavenge::invoke()+0x4c
V  [libjvm.so+0x8e2553]  ParallelScavengeHeap::failed_mem_allocate(unsigned long)+0x63
V  [libjvm.so+0xa706d2]  VM_ParallelGCFailedAllocation::doit()+0x92
V  [libjvm.so+0xa757e7]  VM_Operation::evaluate()+0x47
V  [libjvm.so+0xa72fe2]  VMThread::evaluate_operation(VM_Operation*) [clone .constprop.30]+0xf2
V  [libjvm.so+0xa743f6]  VMThread::loop()+0x246
V  [libjvm.so+0xa748f1]  VMThread::run()+0x81
V  [libjvm.so+0x8bb352]  java_start(Thread*)+0xf2

VM_Operation (0x00007f14845ddc60): ParallelGCFailedAllocation, mode: safepoint, requested by thread 0x00007f1464001000


---------------  P R O C E S S  ---------------

Java Threads: ( => current thread )
  0x00007f14a5214800 JavaThread "Druid-ConnectionPool-Destroy-1588148030" daemon [_thread_blocked, id=10567, stack(0x00007f14530f9000,0x00007f14531fa000)]
  0x00007f14a5227000 JavaThread "Druid-ConnectionPool-Create-1588148030" daemon [_thread_blocked, id=10566, stack(0x00007f14531fa000,0x00007f14532fb000)]
  0x00007f14a51e1800 JavaThread "Abandoned connection cleanup thread" daemon [_thread_blocked, id=10565, stack(0x00007f14534fb000,0x00007f14535fc000)]
  0x00007f14a5048000 JavaThread "container-0" [_thread_blocked, id=10563, stack(0x00007f14537fc000,0x00007f14538fd000)]
  0x00007f14a5045800 JavaThread "ContainerBackgroundProcessor[StandardEngine[Tomcat]]" daemon [_thread_blocked, id=10562, stack(0x00007f14538fd000,0x00007f14539fe000)]
  0x00007f1468001800 JavaThread "localhost-startStop-1" daemon [_thread_blocked, id=10560, stack(0x00007f14539fe000,0x00007f1453aff000)]
  0x00007f14a508e000 JavaThread "Tomcat-startStop-1" daemon [_thread_blocked, id=10559, stack(0x00007f1453aff000,0x00007f1453c00000)]
  0x00007f14a4fc1000 JavaThread "CheckDataSourceDaemonThread" daemon [_thread_blocked, id=10555, stack(0x00007f146cefe000,0x00007f146cfff000)]
  0x0000556ec37fa800 JavaThread "JMX server connection timeout 15" daemon [_thread_blocked, id=10538, stack(0x00007f14842de000,0x00007f14843df000)]
  0x00007f1458007000 JavaThread "RMI Scheduler(0)" daemon [_thread_blocked, id=10537, stack(0x00007f14843df000,0x00007f14844e0000)]
  0x00007f1464001000 JavaThread "RMI TCP Connection(2)-127.0.0.1" daemon [_thread_blocked, id=10536, stack(0x00007f14844e0000,0x00007f14845e1000)]
  0x00007f145c001000 JavaThread "RMI TCP Connection(1)-127.0.0.1" daemon [_thread_in_native, id=10534, stack(0x00007f14845e1000,0x00007f14846e2000)]
  0x00007f14a48a0800 JavaThread "RMI TCP Accept-0" daemon [_thread_in_native, id=10532, stack(0x00007f1484a0c000,0x00007f1484b0d000)]
  0x00007f14a4871000 JavaThread "RMI TCP Accept-39159" daemon [_thread_in_native, id=10531, stack(0x00007f1484b0d000,0x00007f1484c0e000)]
  0x00007f14a485a000 JavaThread "RMI TCP Accept-0" daemon [_thread_in_native, id=10530, stack(0x00007f1484c0e000,0x00007f1484d0f000)]
  0x00007f14a40c7800 JavaThread "Service Thread" daemon [_thread_blocked, id=10528, stack(0x00007f14945aa000,0x00007f14946ab000)]
  0x00007f14a40b7800 JavaThread "C1 CompilerThread1" daemon [_thread_blocked, id=10527, stack(0x00007f14946ab000,0x00007f14947ac000)]
  0x00007f14a40b4800 JavaThread "C2 CompilerThread0" daemon [_thread_blocked, id=10526, stack(0x00007f14947ac000,0x00007f14948ad000)]
  0x00007f14a40b2800 JavaThread "Signal Dispatcher" daemon [_thread_blocked, id=10525, stack(0x00007f14948ad000,0x00007f14949ae000)]
  0x00007f14a408b000 JavaThread "Finalizer" daemon [_thread_blocked, id=10523, stack(0x00007f1494cfd000,0x00007f1494dfe000)]
  0x00007f14a4086800 JavaThread "Reference Handler" daemon [_thread_blocked, id=10522, stack(0x00007f1494dfe000,0x00007f1494eff000)]
  0x00007f14a4015800 JavaThread "main" [_thread_blocked, id=10518, stack(0x00007f14ad749000,0x00007f14ad84a000)]

Other Threads:
=>0x00007f14a407f000 VMThread [stack: 0x00007f1494eff000,0x00007f1495000000] [id=10521]
  0x00007f14a48a3000 WatcherThread [stack: 0x00007f148490b000,0x00007f1484a0c000] [id=10533]

VM state:at safepoint (normal execution)

VM Mutex/Monitor currently owned by a thread:  ([mutex/lock_event])
[0x00007f14a4011ff0] Threads_lock - owner thread: 0x00007f14a407f000
[0x00007f14a40124f0] Heap_lock - owner thread: 0x00007f1464001000

Heap:
 PSYoungGen      total 397312K, used 24580K [0x00000000e1200000, 0x00000000fb300000, 0x0000000100000000)
  eden space 372224K, 0% used [0x00000000e1200000,0x00000000e1200000,0x00000000f7d80000)
  from space 25088K, 97% used [0x00000000f7d80000,0x00000000f95813d0,0x00000000f9600000)
  to   space 21504K, 0% used [0x00000000f9600000,0x00000000f9600000,0x00000000fab00000)
 ParOldGen       total 109056K, used 54788K [0x00000000a3600000, 0x00000000aa080000, 0x00000000e1200000)
  object space 109056K, 50% used [0x00000000a3600000,0x00000000a6b813f0,0x00000000aa080000)
 Metaspace       used 48854K, capacity 49666K, committed 49920K, reserved 1093632K
  class space    used 6174K, capacity 6387K, committed 6400K, reserved 1048576K

Card table byte_map: [0x00007f14a9b50000,0x00007f14a9e36000] byte_map_base: 0x00007f14a9635000

Marking Bits: (ParMarkBitMap*) 0x00007f14aca4a2c0
 Begin Bits: [0x00007f14851b0000, 0x00007f14868d8000)
 End Bits:   [0x00007f14868d8000, 0x00007f1488000000)

Polling page: 0x00007f14ad86f000

CodeCache: size=245760Kb used=10688Kb max_used=10688Kb free=235071Kb
 bounds [0x00007f1495000000, 0x00007f1495a80000, 0x00007f14a4000000]
 total_blobs=5813 nmethods=5259 adapters=469
 compilation: enabled

Compilation events (10 events):
Event: 28.622 Thread 0x00007f14a40b7800 5306       1       org.springframework.core.convert.support.GenericConversionService::getRequiredTypeInfo (57 bytes)
Event: 28.623 Thread 0x00007f14a40b7800 nmethod 5306 0x00007f1495a6fa50 code [0x00007f1495a6fbe0, 0x00007f1495a6fe88]
Event: 28.723 Thread 0x00007f14a40b7800 5307       1       java.lang.Character::isBmpCodePoint (13 bytes)
Event: 28.723 Thread 0x00007f14a40b7800 nmethod 5307 0x00007f1495a70490 code [0x00007f1495a705e0, 0x00007f1495a706f0]
Event: 28.726 Thread 0x00007f14a40b7800 5308       1       sun.util.locale.provider.JRELocaleProviderAdapter::getLocaleResources (51 bytes)
Event: 28.726 Thread 0x00007f14a40b7800 nmethod 5308 0x00007f1495a70750 code [0x00007f1495a708e0, 0x00007f1495a70b88]
Event: 28.726 Thread 0x00007f14a40b7800 5309       1       sun.util.locale.provider.LocaleResources::removeEmptyReferences (33 bytes)
Event: 28.727 Thread 0x00007f14a40b7800 nmethod 5309 0x00007f1495a70cd0 code [0x00007f1495a70e60, 0x00007f1495a711d8]
Event: 28.737 Thread 0x00007f14a40b7800 5310       1       java.util.regex.Pattern::read (33 bytes)
Event: 28.737 Thread 0x00007f14a40b7800 nmethod 5310 0x00007f1495a71390 code [0x00007f1495a71500, 0x00007f1495a71688]

GC Heap History (10 events):
Event: 13.336 GC heap after
Heap after GC invocations=12 (full 1):
 PSYoungGen      total 227840K, used 7486K [0x00000000e1200000, 0x00000000f4980000, 0x0000000100000000)
  eden space 212480K, 0% used [0x00000000e1200000,0x00000000e1200000,0x00000000ee180000)
  from space 15360K, 48% used [0x00000000ee180000,0x00000000ee8cf9f0,0x00000000ef080000)
  to   space 14336K, 0% used [0x00000000f3b80000,0x00000000f3b80000,0x00000000f4980000)
 ParOldGen       total 50176K, used 30320K [0x00000000a3600000, 0x00000000a6700000, 0x00000000e1200000)
  object space 50176K, 60% used [0x00000000a3600000,0x00000000a539c230,0x00000000a6700000)
 Metaspace       used 29655K, capacity 30222K, committed 30336K, reserved 1075200K
  class space    used 3804K, capacity 3965K, committed 3968K, reserved 1048576K
}
Event: 17.789 GC heap before
{Heap before GC invocations=13 (full 1):
 PSYoungGen      total 227840K, used 219966K [0x00000000e1200000, 0x00000000f4980000, 0x0000000100000000)
  eden space 212480K, 100% used [0x00000000e1200000,0x00000000ee180000,0x00000000ee180000)
  from space 15360K, 48% used [0x00000000ee180000,0x00000000ee8cf9f0,0x00000000ef080000)
  to   space 14336K, 0% used [0x00000000f3b80000,0x00000000f3b80000,0x00000000f4980000)
 ParOldGen       total 50176K, used 30320K [0x00000000a3600000, 0x00000000a6700000, 0x00000000e1200000)
  object space 50176K, 60% used [0x00000000a3600000,0x00000000a539c230,0x00000000a6700000)
 Metaspace       used 29666K, capacity 30286K, committed 30592K, reserved 1075200K
  class space    used 3805K, capacity 3965K, committed 3968K, reserved 1048576K
Event: 17.804 GC heap after
Heap after GC invocations=13 (full 1):
 PSYoungGen      total 291328K, used 8848K [0x00000000e1200000, 0x00000000f4480000, 0x0000000100000000)
  eden space 282112K, 0% used [0x00000000e1200000,0x00000000e1200000,0x00000000f2580000)
  from space 9216K, 96% used [0x00000000f3b80000,0x00000000f4424320,0x00000000f4480000)
  to   space 14336K, 0% used [0x00000000f2880000,0x00000000f2880000,0x00000000f3680000)
 ParOldGen       total 50176K, used 30440K [0x00000000a3600000, 0x00000000a6700000, 0x00000000e1200000)
  object space 50176K, 60% used [0x00000000a3600000,0x00000000a53ba240,0x00000000a6700000)
 Metaspace       used 29666K, capacity 30286K, committed 30592K, reserved 1075200K
  class space    used 3805K, capacity 3965K, committed 3968K, reserved 1048576K
}
Event: 19.637 GC heap before
{Heap before GC invocations=14 (full 1):
 PSYoungGen      total 291328K, used 290960K [0x00000000e1200000, 0x00000000f4480000, 0x0000000100000000)
  eden space 282112K, 100% used [0x00000000e1200000,0x00000000f2580000,0x00000000f2580000)
  from space 9216K, 96% used [0x00000000f3b80000,0x00000000f4424320,0x00000000f4480000)
  to   space 14336K, 0% used [0x00000000f2880000,0x00000000f2880000,0x00000000f3680000)
 ParOldGen       total 50176K, used 30440K [0x00000000a3600000, 0x00000000a6700000, 0x00000000e1200000)
  object space 50176K, 60% used [0x00000000a3600000,0x00000000a53ba240,0x00000000a6700000)
 Metaspace       used 30269K, capacity 30886K, committed 31232K, reserved 1077248K
  class space    used 3880K, capacity 4033K, committed 4096K, reserved 1048576K
Event: 19.688 GC heap after
Heap after GC invocations=14 (full 1):
 PSYoungGen      total 299520K, used 14304K [0x00000000e1200000, 0x00000000fab00000, 0x0000000100000000)
  eden space 285184K, 0% used [0x00000000e1200000,0x00000000e1200000,0x00000000f2880000)
  from space 14336K, 99% used [0x00000000f2880000,0x00000000f36781c0,0x00000000f3680000)
  to   space 21504K, 0% used [0x00000000f9600000,0x00000000f9600000,0x00000000fab00000)
 ParOldGen       total 50176K, used 44951K [0x00000000a3600000, 0x00000000a6700000, 0x00000000e1200000)
  object space 50176K, 89% used [0x00000000a3600000,0x00000000a61e5e50,0x00000000a6700000)
 Metaspace       used 30269K, capacity 30886K, committed 31232K, reserved 1077248K
  class space    used 3880K, capacity 4033K, committed 4096K, reserved 1048576K
}
Event: 19.688 GC heap before
{Heap before GC invocations=15 (full 2):
 PSYoungGen      total 299520K, used 14304K [0x00000000e1200000, 0x00000000fab00000, 0x0000000100000000)
  eden space 285184K, 0% used [0x00000000e1200000,0x00000000e1200000,0x00000000f2880000)
  from space 14336K, 99% used [0x00000000f2880000,0x00000000f36781c0,0x00000000f3680000)
  to   space 21504K, 0% used [0x00000000f9600000,0x00000000f9600000,0x00000000fab00000)
 ParOldGen       total 50176K, used 44951K [0x00000000a3600000, 0x00000000a6700000, 0x00000000e1200000)
  object space 50176K, 89% used [0x00000000a3600000,0x00000000a61e5e50,0x00000000a6700000)
 Metaspace       used 30269K, capacity 30886K, committed 31232K, reserved 1077248K
  class space    used 3880K, capacity 4033K, committed 4096K, reserved 1048576K
Event: 19.996 GC heap after
Heap after GC invocations=15 (full 2):
 PSYoungGen      total 299520K, used 0K [0x00000000e1200000, 0x00000000fab00000, 0x0000000100000000)
  eden space 285184K, 0% used [0x00000000e1200000,0x00000000e1200000,0x00000000f2880000)
  from space 14336K, 0% used [0x00000000f2880000,0x00000000f2880000,0x00000000f3680000)
  to   space 21504K, 0% used [0x00000000f9600000,0x00000000f9600000,0x00000000fab00000)
 ParOldGen       total 109056K, used 47469K [0x00000000a3600000, 0x00000000aa080000, 0x00000000e1200000)
  object space 109056K, 43% used [0x00000000a3600000,0x00000000a645b560,0x00000000aa080000)
 Metaspace       used 30269K, capacity 30886K, committed 31232K, reserved 1077248K
  class space    used 3880K, capacity 4033K, committed 4096K, reserved 1048576K
}
Event: 22.327 GC heap before
{Heap before GC invocations=16 (full 2):
 PSYoungGen      total 299520K, used 285184K [0x00000000e1200000, 0x00000000fab00000, 0x0000000100000000)
  eden space 285184K, 100% used [0x00000000e1200000,0x00000000f2880000,0x00000000f2880000)
  from space 14336K, 0% used [0x00000000f2880000,0x00000000f2880000,0x00000000f3680000)
  to   space 21504K, 0% used [0x00000000f9600000,0x00000000f9600000,0x00000000fab00000)
 ParOldGen       total 109056K, used 47469K [0x00000000a3600000, 0x00000000aa080000, 0x00000000e1200000)
  object space 109056K, 43% used [0x00000000a3600000,0x00000000a645b560,0x00000000aa080000)
 Metaspace       used 33536K, capacity 34092K, committed 34432K, reserved 1079296K
  class space    used 4281K, capacity 4418K, committed 4480K, reserved 1048576K
Event: 22.391 GC heap after
Heap after GC invocations=16 (full 2):
 PSYoungGen      total 393728K, used 21492K [0x00000000e1200000, 0x00000000fb300000, 0x0000000100000000)
  eden space 372224K, 0% used [0x00000000e1200000,0x00000000e1200000,0x00000000f7d80000)
  from space 21504K, 99% used [0x00000000f9600000,0x00000000faafd2d0,0x00000000fab00000)
  to   space 25088K, 0% used [0x00000000f7d80000,0x00000000f7d80000,0x00000000f9600000)
 ParOldGen       total 109056K, used 48056K [0x00000000a3600000, 0x00000000aa080000, 0x00000000e1200000)
  object space 109056K, 44% used [0x00000000a3600000,0x00000000a64ee3f0,0x00000000aa080000)
 Metaspace       used 33536K, capacity 34092K, committed 34432K, reserved 1079296K
  class space    used 4281K, capacity 4418K, committed 4480K, reserved 1048576K
}
Event: 28.776 GC heap before
{Heap before GC invocations=17 (full 2):
 PSYoungGen      total 393728K, used 393716K [0x00000000e1200000, 0x00000000fb300000, 0x0000000100000000)
  eden space 372224K, 100% used [0x00000000e1200000,0x00000000f7d80000,0x00000000f7d80000)
  from space 21504K, 99% used [0x00000000f9600000,0x00000000faafd2d0,0x00000000fab00000)
  to   space 25088K, 0% used [0x00000000f7d80000,0x00000000f7d80000,0x00000000f9600000)
 ParOldGen       total 109056K, used 48056K [0x00000000a3600000, 0x00000000aa080000, 0x00000000e1200000)
  object space 109056K, 44% used [0x00000000a3600000,0x00000000a64ee3f0,0x00000000aa080000)
 Metaspace       used 48854K, capacity 49666K, committed 49920K, reserved 1093632K
  class space    used 6174K, capacity 6387K, committed 6400K, reserved 1048576K

Deoptimization events (0 events):
No events

Internal exceptions (10 events):
Event: 28.364 Thread 0x00007f14a4015800 Exception <a 'java/lang/ArrayIndexOutOfBoundsException'> (0x00000000f6520b98) thrown at [/build/openjdk-8-qvKKlC/openjdk-8-8u141-b15/src/hotspot/src/share/vm/runtime/sharedRuntime.cpp, line 605]
Event: 28.364 Thread 0x00007f14a4015800 Exception <a 'java/lang/ArrayIndexOutOfBoundsException'> (0x00000000f6522fe8) thrown at [/build/openjdk-8-qvKKlC/openjdk-8-8u141-b15/src/hotspot/src/share/vm/runtime/sharedRuntime.cpp, line 605]
Event: 28.364 Thread 0x00007f14a4015800 Exception <a 'java/lang/ArrayIndexOutOfBoundsException'> (0x00000000f6527060) thrown at [/build/openjdk-8-qvKKlC/openjdk-8-8u141-b15/src/hotspot/src/share/vm/runtime/sharedRuntime.cpp, line 605]
Event: 28.557 Thread 0x00007f14a4015800 Exception <a 'java/lang/ArrayIndexOutOfBoundsException'> (0x00000000f71f2d88) thrown at [/build/openjdk-8-qvKKlC/openjdk-8-8u141-b15/src/hotspot/src/share/vm/runtime/sharedRuntime.cpp, line 605]
Event: 28.557 Thread 0x00007f14a4015800 Exception <a 'java/lang/ArrayIndexOutOfBoundsException'> (0x00000000f71f53d0) thrown at [/build/openjdk-8-qvKKlC/openjdk-8-8u141-b15/src/hotspot/src/share/vm/runtime/sharedRuntime.cpp, line 605]
Event: 28.557 Thread 0x00007f14a4015800 Exception <a 'java/lang/ArrayIndexOutOfBoundsException'> (0x00000000f71f6560) thrown at [/build/openjdk-8-qvKKlC/openjdk-8-8u141-b15/src/hotspot/src/share/vm/runtime/sharedRuntime.cpp, line 605]
Event: 28.558 Thread 0x00007f14a4015800 Exception <a 'java/lang/ArrayIndexOutOfBoundsException'> (0x00000000f71f8e50) thrown at [/build/openjdk-8-qvKKlC/openjdk-8-8u141-b15/src/hotspot/src/share/vm/runtime/sharedRuntime.cpp, line 605]
Event: 28.558 Thread 0x00007f14a4015800 Exception <a 'java/lang/ArrayIndexOutOfBoundsException'> (0x00000000f71f9ec8) thrown at [/build/openjdk-8-qvKKlC/openjdk-8-8u141-b15/src/hotspot/src/share/vm/runtime/sharedRuntime.cpp, line 605]
Event: 28.558 Thread 0x00007f14a4015800 Exception <a 'java/lang/ArrayIndexOutOfBoundsException'> (0x00000000f71fded8) thrown at [/build/openjdk-8-qvKKlC/openjdk-8-8u141-b15/src/hotspot/src/share/vm/runtime/sharedRuntime.cpp, line 605]
Event: 28.729 Thread 0x00007f14a4015800 Exception <a 'java/lang/reflect/InvocationTargetException'> (0x00000000f78f1f88) thrown at [/build/openjdk-8-qvKKlC/openjdk-8-8u141-b15/src/hotspot/src/share/vm/runtime/reflection.cpp, line 1092]

Events (10 events):
Event: 28.766 loading class javax/persistence/criteria/JoinType done
Event: 28.767 loading class org/hibernate/jpa/criteria/expression/PathTypeExpression
Event: 28.767 loading class org/hibernate/jpa/criteria/expression/PathTypeExpression done
Event: 28.768 loading class org/hibernate/jpa/criteria/path/AbstractFromImpl$BasicJoinScope
Event: 28.768 loading class org/hibernate/jpa/criteria/path/AbstractFromImpl$BasicJoinScope done
Event: 28.769 loading class org/hibernate/jpa/criteria/path/AbstractFromImpl$JoinScope
Event: 28.769 loading class org/hibernate/jpa/criteria/path/AbstractFromImpl$JoinScope done
Event: 28.769 loading class org/springframework/data/jpa/repository/query/JpaQueryCreator$PredicateBuilder
Event: 28.769 loading class org/springframework/data/jpa/repository/query/JpaQueryCreator$PredicateBuilder done
Event: 28.771 Executing VM operation: ParallelGCFailedAllocation


Dynamic libraries:
a3600000-aa080000 rw-p 00000000 00:00 0 
aa080000-e1200000 ---p 00000000 00:00 0 
e1200000-fb300000 rw-p 00000000 00:00 0 
100000000-100640000 rw-p 00000000 00:00 0 
100640000-140000000 ---p 00000000 00:00 0 
556ec1a10000-556ec1a11000 r-xp 00000000 08:02 3550045                    /usr/lib/jvm/java-8-openjdk-amd64/jre/bin/java
556ec1c10000-556ec1c11000 r--p 00000000 08:02 3550045                    /usr/lib/jvm/java-8-openjdk-amd64/jre/bin/java
556ec1c11000-556ec1c12000 rw-p 00001000 08:02 3550045                    /usr/lib/jvm/java-8-openjdk-amd64/jre/bin/java
556ec37dc000-556ec3823000 rw-p 00000000 00:00 0                          [heap]
7f14524cc000-7f145254c000 rw-p 00000000 00:00 0 
7f145254c000-7f14526cc000 ---p 00000000 00:00 0 
7f14526cc000-7f14528cc000 rw-p 00000000 00:00 0 
7f14528cc000-7f1452acc000 rw-p 00000000 00:00 0 
7f1452acc000-7f1452ccc000 rw-p 00000000 00:00 0 
7f1452ccc000-7f1452ecc000 rw-p 00000000 00:00 0 
7f1452ecc000-7f1452ef4000 r-xp 00000000 08:02 3556863                    /usr/lib/jvm/java-8-openjdk-amd64/jre/lib/amd64/libsunec.so
7f1452ef4000-7f14530f4000 ---p 00028000 08:02 3556863                    /usr/lib/jvm/java-8-openjdk-amd64/jre/lib/amd64/libsunec.so
7f14530f4000-7f14530f8000 r--p 00028000 08:02 3556863                    /usr/lib/jvm/java-8-openjdk-amd64/jre/lib/amd64/libsunec.so
7f14530f8000-7f14530f9000 rw-p 0002c000 08:02 3556863                    /usr/lib/jvm/java-8-openjdk-amd64/jre/lib/amd64/libsunec.so
7f14530f9000-7f14530fc000 ---p 00000000 00:00 0 
7f14530fc000-7f14531fa000 rw-p 00000000 00:00 0 
7f14531fa000-7f14531fd000 ---p 00000000 00:00 0 
7f14531fd000-7f14532fb000 rw-p 00000000 00:00 0 
7f14532fb000-7f14534fb000 rw-p 00000000 00:00 0 
7f14534fb000-7f14534fe000 ---p 00000000 00:00 0 
7f14534fe000-7f14535fc000 rw-p 00000000 00:00 0 
7f14535fc000-7f14537fc000 rw-p 00000000 00:00 0 
7f14537fc000-7f14537ff000 ---p 00000000 00:00 0 
7f14537ff000-7f14538fd000 rw-p 00000000 00:00 0 
7f14538fd000-7f1453900000 ---p 00000000 00:00 0 
7f1453900000-7f14539fe000 rw-p 00000000 00:00 0 
7f14539fe000-7f1453a01000 ---p 00000000 00:00 0 
7f1453a01000-7f1453aff000 rw-p 00000000 00:00 0 
7f1453aff000-7f1453b02000 ---p 00000000 00:00 0 
7f1453b02000-7f1453c00000 rw-p 00000000 00:00 0 
7f1453c00000-7f1453e00000 rw-p 00000000 00:00 0 
7f1453e00000-7f1454000000 rw-p 00000000 00:00 0 
7f1454000000-7f1454021000 rw-p 00000000 00:00 0 
7f1454021000-7f1458000000 ---p 00000000 00:00 0 
7f1458000000-7f1458021000 rw-p 00000000 00:00 0 
7f1458021000-7f145c000000 ---p 00000000 00:00 0 
7f145c000000-7f145c021000 rw-p 00000000 00:00 0 
7f145c021000-7f1460000000 ---p 00000000 00:00 0 
7f1460000000-7f1460247000 rw-p 00000000 00:00 0 
7f1460247000-7f1464000000 ---p 00000000 00:00 0 
7f1464000000-7f1464021000 rw-p 00000000 00:00 0 
7f1464021000-7f1468000000 ---p 00000000 00:00 0 
7f1468000000-7f1468021000 rw-p 00000000 00:00 0 
7f1468021000-7f146c000000 ---p 00000000 00:00 0 
7f146c0fe000-7f146c2fe000 rw-p 00000000 00:00 0 
7f146c2fe000-7f146c4fe000 rw-p 00000000 00:00 0 
7f146c4fe000-7f146c6fe000 rw-p 00000000 00:00 0 
7f146c6fe000-7f146c8fe000 rw-p 00000000 00:00 0 
7f146c8fe000-7f146cafe000 rw-p 00000000 00:00 0 
7f146cafe000-7f146ccfe000 rw-p 00000000 00:00 0 
7f146ccfe000-7f146cefe000 rw-p 00000000 00:00 0 
7f146cefe000-7f146cf01000 ---p 00000000 00:00 0 
7f146cf01000-7f1470000000 rw-p 00000000 00:00 0 
7f1470000000-7f1470046000 rw-p 00000000 00:00 0 
7f1470046000-7f1474000000 ---p 00000000 00:00 0 
7f1474000000-7f147469a000 rw-p 00000000 00:00 0 
7f147469a000-7f1478000000 ---p 00000000 00:00 0 
7f1478000000-7f1478021000 rw-p 00000000 00:00 0 
7f1478021000-7f147c000000 ---p 00000000 00:00 0 
7f147c000000-7f147c021000 rw-p 00000000 00:00 0 
7f147c021000-7f1480000000 ---p 00000000 00:00 0 
7f1480000000-7f14800ce000 rw-p 00000000 00:00 0 
7f14800ce000-7f1484000000 ---p 00000000 00:00 0 
7f14840c3000-7f14840c6000 r--s 00015000 08:02 3556896                    /usr/lib/jvm/java-8-openjdk-amd64/jre/lib/jce.jar
7f14840c6000-7f14840cb000 r--s 002f9000 08:02 3556869                    /usr/lib/jvm/java-8-openjdk-amd64/jre/lib/charsets.jar
7f14840cb000-7f14840de000 r--s 00346000 08:02 3556902                    /usr/lib/jvm/java-8-openjdk-amd64/jre/lib/resources.jar
7f14840de000-7f14842de000 rw-p 00000000 00:00 0 
7f14842de000-7f14842e1000 ---p 00000000 00:00 0 
7f14842e1000-7f14843df000 rw-p 00000000 00:00 0 
7f14843df000-7f14843e2000 ---p 00000000 00:00 0 
7f14843e2000-7f14844e0000 rw-p 00000000 00:00 0 
7f14844e0000-7f14844e3000 ---p 00000000 00:00 0 
7f14844e3000-7f14845e1000 rw-p 00000000 00:00 0 
7f14845e1000-7f14845e4000 ---p 00000000 00:00 0 
7f14845e4000-7f14846e2000 rw-p 00000000 00:00 0 
7f14846e2000-7f14848e2000 rw-p 00000000 00:00 0 
7f14848e2000-7f14848e9000 r--s 00000000 08:02 3682895                    /usr/lib/x86_64-linux-gnu/gconv/gconv-modules.cache
7f14848e9000-7f148490b000 r--p 00000000 08:02 4987557                    /usr/share/locale/zh_CN/LC_MESSAGES/libc.mo
7f148490b000-7f148490c000 ---p 00000000 00:00 0 
7f148490c000-7f1484a0c000 rw-p 00000000 00:00 0 
7f1484a0c000-7f1484a0f000 ---p 00000000 00:00 0 
7f1484a0f000-7f1484b0d000 rw-p 00000000 00:00 0 
7f1484b0d000-7f1484b10000 ---p 00000000 00:00 0 
7f1484b10000-7f1484c0e000 rw-p 00000000 00:00 0 
7f1484c0e000-7f1484c11000 ---p 00000000 00:00 0 
7f1484c11000-7f1484d0f000 rw-p 00000000 00:00 0 
7f1484d0f000-7f1484d14000 r--s 0009a000 08:02 3556898                    /usr/lib/jvm/java-8-openjdk-amd64/jre/lib/jsse.jar
7f1484d14000-7f1484d16000 r--s 0000b000 08:02 3412227                    /home/wenxing/.gradle/caches/modules-2/files-2.1/org.objenesis/objenesis/2.4/2916b6c96b50c5b3ec4452ed99401db745aabb27/objenesis-2.4.jar
7f1484d16000-7f1484d17000 r--s 0000c000 08:02 3410971                    /home/wenxing/.gradle/caches/modules-2/files-2.1/org.ow2.asm/asm/5.0.3/dcc2193db20e19e1feca8b1240dbbc4e190824fa/asm-5.0.3.jar
7f1484d17000-7f1484d19000 r--s 00012000 08:02 3410970                    /home/wenxing/.gradle/caches/modules-2/files-2.1/net.minidev/accessors-smart/1.1/a527213f2fea112a04c9bdf0ec0264e34104cd08/accessors-smart-1.1.jar
7f1484d19000-7f1484d1b000 r--s 00004000 08:02 3412226                    /home/wenxing/.gradle/caches/modules-2/files-2.1/org.powermock/powermock-api-support/1.7.4/688c8cb384a31060fc04130eec1c6e68546d0e3e/powermock-api-support-1.7.4.jar
7f1484d1b000-7f1484d20000 r--s 0001f000 08:02 3412225                    /home/wenxing/.gradle/caches/modules-2/files-2.1/org.powermock/powermock-core/1.7.4/2170b16d933fdd9815bc1f3871771ab30e9ad2fe/powermock-core-1.7.4.jar
7f1484d20000-7f1484d23000 r--s 0000e000 08:02 3412224                    /home/wenxing/.gradle/caches/modules-2/files-2.1/org.powermock/powermock-reflect/1.7.4/a484263077a371165c2fa96aa52935cd580a3e3c/powermock-reflect-1.7.4.jar
7f1484d23000-7f1484d24000 r--s 00004000 08:02 3410969                    /home/wenxing/.gradle/caches/modules-2/files-2.1/com.vaadin.external.google/android-json/0.0.20131108.vaadin1/fa26d351fe62a6a17f5cda1287c1c6110dec413f/android-json-0.0.20131108.vaadin1.jar
7f1484d24000-7f1484d27000 r--s 0001b000 08:02 3410966                    /home/wenxing/.gradle/caches/modules-2/files-2.1/net.minidev/json-smart/2.2.1/5b9e5df7a62d1279b70dc882b041d249c4f0b002/json-smart-2.2.1.jar
7f1484d27000-7f1484d29000 r--s 00007000 08:02 3412223                    /home/wenxing/.gradle/caches/modules-2/files-2.1/org.powermock/powermock-api-mockito-common/1.7.4/7db8344c2c34baab81ac3f6e9ad1cf45e1d08d37/powermock-api-mockito-common-1.7.4.jar
7f1484d29000-7f1484d2b000 r--s 00003000 08:02 3412222                    /home/wenxing/.gradle/caches/modules-2/files-2.1/org.powermock/powermock-module-junit4-common/1.7.4/53a078efeb50a0a8ab80c2eb3ecf83219d64008c/powermock-module-junit4-common-1.7.4.jar
7f1484d2b000-7f1484d39000 r--s 00085000 08:02 3410954                    /home/wenxing/.gradle/caches/modules-2/files-2.1/org.springframework/spring-test/4.3.9.RELEASE/35bf4c38c9245f5baeeda4bea7c41f4f33c5daf3/spring-test-4.3.9.RELEASE.jar
7f1484d39000-7f1484d3b000 r--s 00006000 08:02 3410963                    /home/wenxing/.gradle/caches/modules-2/files-2.1/org.skyscreamer/jsonassert/1.4.0/9cdbb373a06f6513e51e8c545ee6a5e981463edb/jsonassert-1.4.0.jar
7f1484d3b000-7f1484d3c000 r--s 0000c000 08:02 3410960                    /home/wenxing/.gradle/caches/modules-2/files-2.1/org.hamcrest/hamcrest-library/1.3/4785a3c21320980282f9f33d0d1264a69040538f/hamcrest-library-1.3.jar
7f1484d3c000-7f1484d3e000 r--s 00009000 08:02 3410962                    /home/wenxing/.gradle/caches/modules-2/files-2.1/org.hamcrest/hamcrest-core/1.3/42a25dc3219429f0e5d060061f71acb49bf010a0/hamcrest-core-1.3.jar
7f1484d3e000-7f1484d5a000 r--s 00103000 08:02 3410959                    /home/wenxing/.gradle/caches/modules-2/files-2.1/org.mockito/mockito-core/1.10.19/e8546f5bef4e061d8dd73895b4e8f40e3fe6effe/mockito-core-1.10.19.jar
7f1484d5a000-7f1484d6e000 r--s 000dc000 08:02 3410657                    /home/wenxing/.gradle/caches/modules-2/files-2.1/org.assertj/assertj-core/2.6.0/b532c3fc4f66bcfee4989a3514f1cd56203a33ad/assertj-core-2.6.0.jar
7f1484d6e000-7f1484d76000 r--s 00045000 08:02 3410957                    /home/wenxing/.gradle/caches/modules-2/files-2.1/junit/junit/4.12/2973d150c0dc1fefe998f834810d68f278ea58ec/junit-4.12.jar
7f1484d76000-7f1484d7b000 r--s 0002e000 08:02 3410955                    /home/wenxing/.gradle/caches/modules-2/files-2.1/com.jayway.jsonpath/json-path/2.2.0/22290d17944bd239fabf5ac69005a60a7ecbbbcb/json-path-2.2.0.jar
7f1484d7b000-7f1484d80000 r--s 00019000 08:02 3410952                    /home/wenxing/.gradle/caches/modules-2/files-2.1/org.springframework.boot/spring-boot-test-autoconfigure/1.5.4.RELEASE/5c751eb6cfa58c86ba4ffc4c3334faf4331d5385/spring-boot-test-autoconfigure-1.5.4.RELEASE.jar
7f1484d80000-7f1484d84000 r--s 00020000 08:02 3410953                    /home/wenxing/.gradle/caches/modules-2/files-2.1/org.springframework.boot/spring-boot-test/1.5.4.RELEASE/a7a68089a6cf35db5587029e5c163466dadf7c5b/spring-boot-test-1.5.4.RELEASE.jar
7f1484d84000-7f1484d87000 r--s 00012000 08:02 3412221                    /home/wenxing/.gradle/caches/modules-2/files-2.1/org.powermock/powermock-api-mockito/1.7.4/ae9398856e5264c0742227b9db3a395a753d9aaf/powermock-api-mockito-1.7.4.jar
7f1484d87000-7f1484d89000 r--s 0000a000 08:02 3412220                    /home/wenxing/.gradle/caches/modules-2/files-2.1/org.powermock/powermock-module-junit4/1.7.4/18cc40fb5e3997ad766405986bcbb64d6a4551a4/powermock-module-junit4-1.7.4.jar
7f1484d89000-7f1484d8a000 r--s 00000000 08:02 3410949                    /home/wenxing/.gradle/caches/modules-2/files-2.1/org.springframework.boot/spring-boot-starter-test/1.5.4.RELEASE/a764033c4be6e73310a6b12604a37c20d3bd0176/spring-boot-starter-test-1.5.4.RELEASE.jar
7f1484d8a000-7f1484d8b000 r--s 00000000 08:02 3412306                    /home/wenxing/.gradle/caches/modules-2/files-2.1/org.codehaus.mojo/animal-sniffer-annotations/1.14/775b7e22fb10026eed3f86e8dc556dfafe35f2d5/animal-sniffer-annotations-1.14.jar
7f1484d8b000-7f1484d8d000 r--s 00001000 08:02 3412305                    /home/wenxing/.gradle/caches/modules-2/files-2.1/com.google.j2objc/j2objc-annotations/1.1/ed28ded51a8b1c6b112568def5f4b455e6809019/j2objc-annotations-1.1.jar
7f1484d8d000-7f1484d8e000 r--s 00002000 08:02 3408851                    /home/wenxing/.gradle/caches/modules-2/files-2.1/com.google.errorprone/error_prone_annotations/2.0.18/5f65affce1684999e2f4024983835efc3504012e/error_prone_annotations-2.0.18.jar
7f1484d8e000-7f1484d91000 r--s 00006000 08:02 3408842                    /home/wenxing/.gradle/caches/modules-2/files-2.1/com.google.code.findbugs/jsr305/1.3.9/40719ea6961c0cb6afaeb6a921eaa1f6afd4cfdf/jsr305-1.3.9.jar
7f1484d91000-7f1484dc1000 r--s 0024f000 08:02 3412298                    /home/wenxing/.gradle/caches/modules-2/files-2.1/com.google.guava/guava/23.0/c947004bb13d18182be60077ade044099e4f26f1/guava-23.0.jar
7f1484dc1000-7f1484dc2000 r--s 00002000 08:02 3412317                    /home/wenxing/.gradle/caches/modules-2/files-2.1/org.apache.shiro/shiro-crypto-core/1.4.0/7049325bba697985eee924eda03cb7971af1b808/shiro-crypto-core-1.4.0.jar
7f1484dc2000-7f1484dc3000 r--s 00003000 08:02 3409464                    /home/wenxing/.gradle/caches/modules-2/files-2.1/javax.transaction/jta/1.1/2ca09f0b36ca7d71b762e14ea2ff09d5eac57558/jta-1.1.jar
7f1484dc3000-7f1484dd0000 r--s 00083000 08:02 3409514                    /home/wenxing/.gradle/caches/modules-2/files-2.1/commons-collections/commons-collections/3.2.2/8ad72fe39fa8c91eaaf12aadb21e0c3661fe26d5/commons-collections-3.2.2.jar
7f1484dd0000-7f1484dd1000 r--s 00004000 08:02 3412316                    /home/wenxing/.gradle/caches/modules-2/files-2.1/org.apache.shiro/shiro-event/1.4.0/df4e83b5200940439e0c7ba4fc145902900e2cd/shiro-event-1.4.0.jar
7f1484dd1000-7f1484dd3000 r--s 00009000 08:02 3412315                    /home/wenxing/.gradle/caches/modules-2/files-2.1/org.apache.shiro/shiro-config-ogdl/1.4.0/28c5f1338030eed8f911f0a816a5ef2716f786a6/shiro-config-ogdl-1.4.0.jar
7f1484dd3000-7f1484dd4000 r--s 00004000 08:02 3412314                    /home/wenxing/.gradle/caches/modules-2/files-2.1/org.apache.shiro/shiro-config-core/1.4.0/7d7ede51d15d346d962da9a3743064ddc9163b1d/shiro-config-core-1.4.0.jar
7f1484dd4000-7f1484dd5000 r--s 00005000 08:02 3412313                    /home/wenxing/.gradle/caches/modules-2/files-2.1/org.apache.shiro/shiro-crypto-cipher/1.4.0/78020924ddce7632daa3b9acb698167c240df623/shiro-crypto-cipher-1.4.0.jar
7f1484dd5000-7f1484dd7000 r--s 00007000 08:02 3412312                    /home/wenxing/.gradle/caches/modules-2/files-2.1/org.apache.shiro/shiro-crypto-hash/1.4.0/b767d3db10f01dfba79c04cbc9e17eae0247b9c/shiro-crypto-hash-1.4.0.jar
7f1484dd7000-7f1484dd9000 r--s 0000b000 08:02 3412311                    /home/wenxing/.gradle/caches/modules-2/files-2.1/org.apache.shiro/shiro-lang/1.4.0/6895b5d14e7be7a77297336b037d7a7e79e858d6/shiro-lang-1.4.0.jar
7f1484dd9000-7f1484e14000 r--s 00270000 08:02 3410549                    /home/wenxing/.gradle/caches/modules-2/files-2.1/net.bytebuddy/byte-buddy/1.6.14/871c3e49dc6183d0d361601c2f1d11abb1a6b48c/byte-buddy-1.6.14.jar
7f1484e14000-7f1484e16000 r--s 00009000 08:02 3410948                    /home/wenxing/.gradle/caches/modules-2/files-2.1/org.apache.tomcat/tomcat-juli/8.5.15/b21c47750b0d0356acbbbf0c30cb36cb2268dc8d/tomcat-juli-8.5.15.jar
7f1484e16000-7f1484e21000 r--s 0006a000 08:02 3410947                    /home/wenxing/.gradle/caches/modules-2/files-2.1/ch.qos.logback/logback-core/1.1.11/88b8df40340eed549fb07e2613879bf6b006704d/logback-core-1.1.11.jar
7f1484e21000-7f1484e23000 r--s 00002000 08:02 3409463                    /home/wenxing/.gradle/caches/modules-2/files-2.1/org.atteo/evo-inflector/1.2.2/2551aad98d65ac5464d81fe05f0e1516cfe471c9/evo-inflector-1.2.2.jar
7f1484e23000-7f1484e25000 r--s 00005000 08:02 3409460                    /home/wenxing/.gradle/caches/modules-2/files-2.1/com.fasterxml.jackson.datatype/jackson-datatype-hibernate5/2.8.8/a756e45b811e092fe73c7b6340f5fa92a731b87b/jackson-datatype-hibernate5-2.8.8.jar
7f1484e25000-7f1484e27000 r--s 00004000 08:02 3409459                    /home/wenxing/.gradle/caches/modules-2/files-2.1/com.fasterxml.jackson.datatype/jackson-datatype-hibernate4/2.8.8/f6cfe94297d1d774f4aa872d21d5900d8438205e/jackson-datatype-hibernate4-2.8.8.jar
7f1484e27000-7f1484e2c000 r--s 00038000 08:02 3409513                    /home/wenxing/.gradle/caches/modules-2/files-2.1/commons-beanutils/commons-beanutils/1.9.3/c845703de334ddc6b4b3cd26835458cb1cba1f3d/commons-beanutils-1.9.3.jar
7f1484e2c000-7f1484e2d000 r--s 00004000 08:02 3412310                    /home/wenxing/.gradle/caches/modules-2/files-2.1/org.apache.ant/ant-launcher/1.10.2/7ea1c19c07ab2178293f313d29731084c1c27305/ant-launcher-1.10.2.jar
7f1484e2d000-7f1484e3e000 r--s 0008a000 08:02 3411708                    /home/wenxing/.gradle/caches/modules-2/files-2.1/joda-time/joda-time/2.9.9/f7b520c458572890807d143670c9b24f4de90897/joda-time-2.9.9.jar
7f1484e3e000-7f1484e44000 r--s 00078000 08:02 3411706                    /home/wenxing/.gradle/caches/modules-2/files-2.1/com.fasterxml.woodstox/woodstox-core/5.0.3/10aa199207fda142eff01cd61c69244877d71770/woodstox-core-5.0.3.jar
7f1484e44000-7f1484e48000 r--s 00024000 08:02 3411707                    /home/wenxing/.gradle/caches/modules-2/files-2.1/org.codehaus.woodstox/stax2-api/3.1.4/ac19014b1e6a7c08aad07fe114af792676b685b7/stax2-api-3.1.4.jar
7f1484e48000-7f1484e4a000 r--s 00007000 08:02 3411687                    /home/wenxing/.gradle/caches/modules-2/files-2.1/com.fasterxml.jackson.module/jackson-module-jaxb-annotations/2.8.8/e2e95efc46d45be4b429b704efbb1d4b89721d3a/jackson-module-jaxb-annotations-2.8.8.jar
7f1484e4a000-7f1484e65000 r--s 0012e000 08:02 3412309                    /home/wenxing/.gradle/caches/modules-2/files-2.1/net.sf.ehcache/ehcache-core/2.6.11/fae7f84a5ffabe1b814e40190650c0ad5aeda5b1/ehcache-core-2.6.11.jar
7f1484e65000-7f1484e67000 r--s 00002000 08:02 3412308                    /home/wenxing/.gradle/caches/modules-2/files-2.1/org.apache.shiro/shiro-cache/1.4.0/ae1496cbdc4cce35c87d9014723863e049f9e2b4/shiro-cache-1.4.0.jar
7f1484e67000-7f1484e71000 r--s 0005b000 08:02 3412307                    /home/wenxing/.gradle/caches/modules-2/files-2.1/org.apache.shiro/shiro-core/1.4.0/6d05bd17e057fc12d278bb367c27f9cb0f3dc197/shiro-core-1.4.0.jar
7f1484e71000-7f1484e74000 r--s 0001d000 08:02 3410503                    /home/wenxing/.gradle/caches/modules-2/files-2.1/org.reflections/reflections/0.9.11/4c686033d918ec1727e329b7222fcb020152e32b/reflections-0.9.11.jar
7f1484e74000-7f1484e78000 r--s 00017000 08:02 3410501                    /home/wenxing/.gradle/caches/modules-2/files-2.1/io.springfox/springfox-core/2.7.0/f3e6d1cf5170b4b56ee0a00c1b3b05221f2ecb96/springfox-core-2.7.0.jar
7f1484e78000-7f1484e80000 r--s 0003a000 08:02 3410922                    /home/wenxing/.gradle/caches/modules-2/files-2.1/org.springframework/spring-tx/4.3.9.RELEASE/7a7b1775e1e604841f8b619e110e43d9929c37ab/spring-tx-4.3.9.RELEASE.jar
7f1484e80000-7f1484e8a000 r--s 0006b000 08:02 3410919                    /home/wenxing/.gradle/caches/modules-2/files-2.1/org.springframework/spring-orm/4.3.9.RELEASE/ea9de867a7b686744f0e0bc1ecfcc9d3844e4cd7/spring-orm-4.3.9.RELEASE.jar
7f1484e8a000-7f1484e9d000 r--s 000ac000 08:02 3410921                    /home/wenxing/.gradle/caches/modules-2/files-2.1/org.springframework.data/spring-data-commons/1.13.4.RELEASE/1a45b99bd63449ba31963237993d4a45b9f96abc/spring-data-commons-1.13.4.RELEASE.jar
7f1484e9d000-7f1484ea0000 r--s 00010000 08:02 3410525                    /home/wenxing/.gradle/caches/modules-2/files-2.1/org.hibernate.common/hibernate-commons-annotations/5.0.1.Final/71e1cff3fcb20d3b3af4f3363c3ddb24d33c6879/hibernate-commons-annotations-5.0.1.Final.jar
7f1484ea0000-7f1484ea5000 r--s 00048000 08:02 3410547                    /home/wenxing/.gradle/caches/modules-2/files-2.1/dom4j/dom4j/1.6.1/5d3ccc056b6f056dbf0dddfdf43894b9065a8f94/dom4j-1.6.1.jar
7f1484ea5000-7f1484ea8000 r--s 0002b000 08:02 3410545                    /home/wenxing/.gradle/caches/modules-2/files-2.1/org.jboss/jandex/2.0.0.Final/3e899258936f94649c777193e1be846387ed54b3/jandex-2.0.0.Final.jar
7f1484ea8000-7f1484ead000 r--s 00068000 08:02 3410541                    /home/wenxing/.gradle/caches/modules-2/files-2.1/antlr/antlr/2.7.7/83cd2cd674a217ade95a4bb83a8a14f351f48bd0/antlr-2.7.7.jar
7f1484ead000-7f1484eb7000 r--s 000aa000 08:02 3410539                    /home/wenxing/.gradle/caches/modules-2/files-2.1/org.javassist/javassist/3.21.0-GA/598244f595db5c5fb713731eddbb1c91a58d959b/javassist-3.21.0-GA.jar
7f1484eb7000-7f1484ebc000 r--s 00017000 08:02 3410537                    /home/wenxing/.gradle/caches/modules-2/files-2.1/org.hibernate.javax.persistence/hibernate-jpa-2.1-api/1.0.0.Final/5e731d961297e5a07290bfaf3db1fbc8bbbf405a/hibernate-jpa-2.1-api-1.0.0.Final.jar
7f1484ebc000-7f1484ec6000 r--s 0005f000 08:02 3410920                    /home/wenxing/.gradle/caches/modules-2/files-2.1/org.springframework/spring-jdbc/4.3.9.RELEASE/ef8476b954a4211a21147b3ae15996443a76c6f8/spring-jdbc-4.3.9.RELEASE.jar
7f1484ec6000-7f1484ec9000 r--s 00021000 08:02 3410946                    /home/wenxing/.gradle/caches/modules-2/files-2.1/org.apache.tomcat/tomcat-jdbc/8.5.15/1f802a58c21283fcdff1572a390bf98ae7231ea3/tomcat-jdbc-8.5.15.jar
7f1484ec9000-7f1484ece000 r--s 0003c000 08:02 3410924                    /home/wenxing/.gradle/caches/modules-2/files-2.1/org.springframework/spring-expression/4.3.9.RELEASE/4edca6913da9e62a6586714e053e01a61952a153/spring-expression-4.3.9.RELEASE.jar
7f1484ece000-7f1484edc000 r--s 000ad000 08:02 3410923                    /home/wenxing/.gradle/caches/modules-2/files-2.1/org.springframework/spring-beans/4.3.9.RELEASE/daa5abf3779c8cad1a2910e1ea08e4272489d8ae/spring-beans-4.3.9.RELEASE.jar
7f1484edc000-7f1484ee2000 r--s 00036000 08:02 3410943                    /home/wenxing/.gradle/caches/modules-2/files-2.1/org.apache.tomcat.embed/tomcat-embed-websocket/8.5.15/a92b066b0ea9ee1cb05b7d5e4bfed4ad8898f741/tomcat-embed-websocket-8.5.15.jar
7f1484ee2000-7f1484ee7000 r--s 00036000 08:02 3410945                    /home/wenxing/.gradle/caches/modules-2/files-2.1/org.apache.tomcat.embed/tomcat-embed-el/8.5.15/e4000e5386056eeebb43bf71e7d30c58d2473166/tomcat-embed-el-8.5.15.jar
7f1484ee7000-7f1484f11000 r--s 002c0000 08:02 3410944                    /home/wenxing/.gradle/caches/modules-2/files-2.1/org.apache.tomcat.embed/tomcat-embed-core/8.5.15/f197a93ae66212767b004fd93d7a1a8ea62bc3fa/tomcat-embed-core-8.5.15.jar
7f1484f11000-7f1484f13000 r--s 00004000 08:02 3410938                    /home/wenxing/.gradle/caches/modules-2/files-2.1/org.slf4j/log4j-over-slf4j/1.7.25/a87bb47468f47ee7aabbd54f93e133d4215769c3/log4j-over-slf4j-1.7.25.jar
7f1484f13000-7f1484f15000 r--s 00000000 08:02 3410937                    /home/wenxing/.gradle/caches/modules-2/files-2.1/org.slf4j/jul-to-slf4j/1.7.25/af5364cd6679bfffb114f0dec8a157aaa283b76/jul-to-slf4j-1.7.25.jar
7f1484f15000-7f1484f17000 r--s 00003000 08:02 3410936                    /home/wenxing/.gradle/caches/modules-2/files-2.1/org.slf4j/jcl-over-slf4j/1.7.25/f8c32b13ff142a513eeb5b6330b1588dcb2c0461/jcl-over-slf4j-1.7.25.jar
7f1484f17000-7f1484f1e000 r--s 00045000 08:02 3410935                    /home/wenxing/.gradle/caches/modules-2/files-2.1/ch.qos.logback/logback-classic/1.1.11/ccedfbacef4a6515d2983e3f89ed753d5d4fb665/logback-classic-1.1.11.jar
7f1484f1e000-7f1484f37000 r--s 000fe000 08:02 3410917                    /home/wenxing/.gradle/caches/modules-2/files-2.1/org.springframework/spring-context/4.3.9.RELEASE/a186823724f03b98becd5f93b1fa107fe6f7a7ff/spring-context-4.3.9.RELEASE.jar
7f1484f37000-7f1484f39000 r--s 00006000 08:02 3408864                    /home/wenxing/.gradle/caches/modules-2/files-2.1/org.hotpotmaterial/hotpotmaterial-jsonmeta/0.0.1/7ed1a7ff89bfb74a016f9c343ae60f8cb319293/hotpotmaterial-jsonmeta-0.0.1.jar
7f1484f39000-7f1484f3f000 r--s 0003e000 08:02 3411683                    /home/wenxing/.gradle/caches/modules-2/files-2.1/net.sf.dozer/dozer/5.5.1/f2e52ef54166788ae29b5b4eec6fdb9cd580acab/dozer-5.5.1.jar
7f1484f3f000-7f1484f5e000 r--s 001fc000 08:02 3412304                    /home/wenxing/.gradle/caches/modules-2/files-2.1/org.apache.ant/ant/1.10.2/9c79b871f2999d711456ac05b1e10474558e6f14/ant-1.10.2.jar
7f1484f5e000-7f1484f7a000 r--s 00152000 08:02 3411703                    /home/wenxing/.gradle/caches/modules-2/files-2.1/org.freemarker/freemarker/2.3.26-incubating/713237e013f725b72f4f9ec931a49c14b1805359/freemarker-2.3.26-incubating.jar
7f1484f7a000-7f1484f7d000 r--s 0000e000 08:02 3411686                    /home/wenxing/.gradle/caches/modules-2/files-2.1/com.fasterxml.jackson.datatype/jackson-datatype-joda/2.8.8/778f71765e683037bc8f6440d6afaceb91085852/jackson-datatype-joda-2.8.8.jar
7f1484f7d000-7f1484f80000 r--s 00015000 08:02 3411685                    /home/wenxing/.gradle/caches/modules-2/files-2.1/com.fasterxml.jackson.dataformat/jackson-dataformat-xml/2.8.8/3f5e135fd48af6c7fb432166c5b658e9133114ea/jackson-dataformat-xml-2.8.8.jar
7f1484f80000-7f1484f81000 r--s 00003000 08:02 3412300                    /home/wenxing/.gradle/caches/modules-2/files-2.1/org.apache.shiro/shiro-ehcache/1.4.0/376ff7182c4eded0461bd87e0d8ac92f71b1e959/shiro-ehcache-1.4.0.jar
7f1484f81000-7f1484f85000 r--s 00021000 08:02 3412299                    /home/wenxing/.gradle/caches/modules-2/files-2.1/org.apache.shiro/shiro-web/1.4.0/3a600b31eb2f7b2ac35342e0a78cf311d430c6d4/shiro-web-1.4.0.jar
7f1484f85000-7f1484f8c000 r--s 0003f000 08:02 3411701                    /home/wenxing/.gradle/caches/modules-2/files-2.1/commons-codec/commons-codec/1.10/4b95f4897fa13f2cd904aee711aeafc0c5295cd8/commons-codec-1.10.jar
7f1484f8c000-7f1484f8f000 r--s 0000f000 08:02 3412296                    /home/wenxing/.gradle/caches/modules-2/files-2.1/commons-fileupload/commons-fileupload/1.3.3/4ff14d809195b711fd6bcc87e6777f886730ca1/commons-fileupload-1.3.3.jar
7f1484f8f000-7f1484f93000 r--s 00031000 08:02 3412295                    /home/wenxing/.gradle/caches/modules-2/files-2.1/commons-io/commons-io/2.6/815893df5f31da2ece4040fe0a12fd44b577afaf/commons-io-2.6.jar
7f1484f93000-7f1484f9d000 r--s 0005a000 08:02 3411688                    /home/wenxing/.gradle/caches/modules-2/files-2.1/org.hibernate/hibernate-envers/5.0.12.Final/edd86938dcc6037f285f774c92ae5de9cbf38e94/hibernate-envers-5.0.12.Final.jar
7f1484f9d000-7f1484fae000 r-xp 00000000 08:02 3556859                    /usr/lib/jvm/java-8-openjdk-amd64/jre/lib/amd64/libnio.so
7f1484fae000-7f14851ae000 ---p 00011000 08:02 3556859                    /usr/lib/jvm/java-8-openjdk-amd64/jre/lib/amd64/libnio.so
7f14851ae000-7f14851af000 r--p 00011000 08:02 3556859                    /usr/lib/jvm/java-8-openjdk-amd64/jre/lib/amd64/libnio.so
7f14851af000-7f14851b0000 rw-p 00012000 08:02 3556859                    /usr/lib/jvm/java-8-openjdk-amd64/jre/lib/amd64/libnio.so
7f14851b0000-7f1488000000 rw-p 00000000 00:00 0 
7f1488000000-7f148802e000 rw-p 00000000 00:00 0 
7f148802e000-7f148c000000 ---p 00000000 00:00 0 
7f148c000000-7f148c278000 rw-p 00000000 00:00 0 
7f148c278000-7f1490000000 ---p 00000000 00:00 0 
7f1490000000-7f1490027000 rw-p 00000000 00:00 0 
7f1490027000-7f1494000000 ---p 00000000 00:00 0 
7f1494000000-7f1494005000 r--s 00041000 08:02 3411698                    /home/wenxing/.gradle/caches/modules-2/files-2.1/commons-lang/commons-lang/2.6/ce1edb914c94ebc388f086c6827e8bdeec71ac2/commons-lang-2.6.jar
7f1494005000-7f1494008000 r--s 0000e000 08:02 3410941                    /home/wenxing/.gradle/caches/modules-2/files-2.1/org.jboss.logging/jboss-logging/3.3.1.Final/c46217ab74b532568c0ed31dc599db3048bd1b67/jboss-logging-3.3.1.Final.jar
7f1494008000-7f149400f000 r--s 00048000 08:02 3410521                    /home/wenxing/.gradle/caches/modules-2/files-2.1/com.github.jsqlparser/jsqlparser/0.9.5/b1ee308d5a745b4e6a98e83af9a75a6f2e5828d0/jsqlparser-0.9.5.jar
7f149400f000-7f1494036000 r--s 00271000 08:02 3412254                    /home/wenxing/.gradle/caches/modules-2/files-2.1/com.alibaba/druid/1.1.9/23be2c8a594e18717f85c8f50cb7954ab53beb25/druid-1.1.9.jar
7f1494036000-7f1494038000 r--s 00003000 08:02 3410515                    /home/wenxing/.gradle/caches/modules-2/files-2.1/org.mapstruct/mapstruct/1.1.0.Final/65b81fa5234e1fd8461b77bbccee7b9ebc0bbbb2/mapstruct-1.1.0.Final.jar
7f1494038000-7f149403a000 r--s 00000000 08:02 3410509                    /home/wenxing/.gradle/caches/modules-2/files-2.1/org.springframework.plugin/spring-plugin-metadata/1.2.0.RELEASE/97223fc496b6cab31602eedbd4202aa4fff0d44f/spring-plugin-metadata-1.2.0.RELEASE.jar
7f149403a000-7f149403c000 r--s 00009000 08:02 3410939                    /home/wenxing/.gradle/caches/modules-2/files-2.1/org.slf4j/slf4j-api/1.7.25/da76ca59f6a57ee3102f8f9bd9cee742973efa8a/slf4j-api-1.7.25.jar
7f149403c000-7f149403e000 r--s 0000e000 08:02 3410507                    /home/wenxing/.gradle/caches/modules-2/files-2.1/com.fasterxml/classmate/1.3.3/864c8e370a691e343210cc7c532fc198cee460d8/classmate-1.3.3.jar
7f149403e000-7f1494043000 r--s 00026000 08:02 3410497                    /home/wenxing/.gradle/caches/modules-2/files-2.1/io.springfox/springfox-spring-web/2.7.0/a54be5572b6b5210f6892e13d6b136dde5e96bf6/springfox-spring-web-2.7.0.jar
7f1494043000-7f1494046000 r--s 00013000 08:02 3410490                    /home/wenxing/.gradle/caches/modules-2/files-2.1/io.springfox/springfox-swagger-common/2.7.0/5a632aecc733753887f90592382fa271e546062a/springfox-swagger-common-2.7.0.jar
7f1494046000-7f1494049000 r--s 00010000 08:02 3410496                    /home/wenxing/.gradle/caches/modules-2/files-2.1/io.springfox/springfox-schema/2.7.0/aab297a6781e829b9d6bac514a4dc860966c3c8d/springfox-schema-2.7.0.jar
7f1494049000-7f149404c000 r--s 0000a000 08:02 3410499                    /home/wenxing/.gradle/caches/modules-2/files-2.1/io.springfox/springfox-spi/2.7.0/dab14edcb863dd506278dc950908b4f684e93b7/springfox-spi-2.7.0.jar
7f149404c000-7f149404f000 r--s 00020000 08:02 3410491                    /home/wenxing/.gradle/caches/modules-2/files-2.1/io.swagger/swagger-models/1.5.13/571a0046f35f9dac569a1870465248595e33ccdb/swagger-models-1.5.13.jar
7f149404f000-7f1494051000 r--s 00004000 08:02 3410495                    /home/wenxing/.gradle/caches/modules-2/files-2.1/io.swagger/swagger-annotations/1.5.13/72433c890a61a876d22063e269be421c810a1a8d/swagger-annotations-1.5.13.jar
7f1494051000-7f1494055000 r--s 0000c000 08:02 3410494                    /home/wenxing/.gradle/caches/modules-2/files-2.1/javax.validation/validation-api/1.1.0.Final/8613ae82954779d518631e05daa73a6a954817d5/validation-api-1.1.0.Final.jar
7f1494055000-7f1494058000 r--s 00042000 08:02 3410493                    /home/wenxing/.gradle/caches/modules-2/files-2.1/com.fasterxml.jackson.core/jackson-core/2.8.8/d478fb6de45a7c3d2cad07c8ad70c7f0a797a020/jackson-core-2.8.8.jar
7f1494058000-7f149405b000 r--s 0000b000 08:02 3410933                    /home/wenxing/.gradle/caches/modules-2/files-2.1/com.fasterxml.jackson.core/jackson-annotations/2.8.0/45b426f7796b741035581a176744d91090e2e6fb/jackson-annotations-2.8.0.jar
7f149405b000-7f149405e000 r--s 0000c000 08:02 3410928                    /home/wenxing/.gradle/caches/modules-2/files-2.1/org.springframework/spring-aspects/4.3.9.RELEASE/6030e253c56ff13df8c1c0e5e17c3b50e5e368b9/spring-aspects-4.3.9.RELEASE.jar
7f149405e000-7f1494065000 r--s 00040000 08:02 3410916                    /home/wenxing/.gradle/caches/modules-2/files-2.1/org.springframework.data/spring-data-jpa/1.11.4.RELEASE/9f559debeb095fb0040102aef37e5fee2830a470/spring-data-jpa-1.11.4.RELEASE.jar
7f1494065000-7f1494072000 r--s 00089000 08:02 3410930                    /home/wenxing/.gradle/caches/modules-2/files-2.1/org.hibernate/hibernate-entitymanager/5.0.12.Final/302a526f5058290e9cbd719a5caf9f248d344719/hibernate-entitymanager-5.0.12.Final.jar
7f1494072000-7f14940db000 r--s 004f3000 08:02 3410931                    /home/wenxing/.gradle/caches/modules-2/files-2.1/org.hibernate/hibernate-core/5.0.12.Final/e58bf1c660e6706d8e2cbb53bae110f574366102/hibernate-core-5.0.12.Final.jar
7f14940db000-7f14940eb000 r--s 00078000 08:02 3410910                    /home/wenxing/.gradle/caches/modules-2/files-2.1/org.springframework.boot/spring-boot-actuator/1.5.4.RELEASE/6fed8833ba044e22a2924f8fe70db4f126be7489/spring-boot-actuator-1.5.4.RELEASE.jar
7f14940eb000-7f1494103000 r--s 001bf000 08:02 3410929                    /home/wenxing/.gradle/caches/modules-2/files-2.1/org.aspectj/aspectjweaver/1.8.10/e198c5fee28988c355f74e06461614eae36b2032/aspectjweaver-1.8.10.jar
7f1494103000-7f149410c000 r--s 00054000 08:02 3410918                    /home/wenxing/.gradle/caches/modules-2/files-2.1/org.springframework/spring-aop/4.3.9.RELEASE/95f5f5cf3cae64266a89dc1bc9e0484425cd8358/spring-aop-4.3.9.RELEASE.jar
7f149410c000-7f149411d000 r--s 000cf000 08:02 3410914                    /home/wenxing/.gradle/caches/modules-2/files-2.1/org.springframework/spring-webmvc/4.3.9.RELEASE/ca80b4a00abc388d8046bf372099f35564371c47/spring-webmvc-4.3.9.RELEASE.jar
7f149411d000-7f149412f000 r--s 000b7000 08:02 3410915                    /home/wenxing/.gradle/caches/modules-2/files-2.1/org.springframework/spring-web/4.3.9.RELEASE/91dae64c4280093ad5fb4736a10913c9233479c1/spring-web-4.3.9.RELEASE.jar
7f149412f000-7f1494141000 r--s 0011d000 08:02 3410489                    /home/wenxing/.gradle/caches/modules-2/files-2.1/com.fasterxml.jackson.core/jackson-databind/2.8.8/bf88c7b27e95cbadce4e7c316a56c3efffda8026/jackson-databind-2.8.8.jar
7f1494141000-7f1494152000 r--s 000a1000 08:02 3410927                    /home/wenxing/.gradle/caches/modules-2/files-2.1/org.hibernate/hibernate-validator/5.3.5.Final/622a9bcef2eed6d41b5b8e0662c36212009e375/hibernate-validator-5.3.5.Final.jar
7f1494152000-7f1494168000 r--s 000fc000 08:02 3410384                    /home/wenxing/.gradle/caches/modules-2/files-2.1/org.springframework/spring-core/4.3.9.RELEASE/430b7298bfb85d66fb61e19ca8f06231b911e9f5/spring-core-4.3.9.RELEASE.jar
7f1494168000-7f1494188000 r--s 000e5000 08:02 3410911                    /home/wenxing/.gradle/caches/modules-2/files-2.1/org.springframework.boot/spring-boot-autoconfigure/1.5.4.RELEASE/5591fa7358d950f374532c7d92dccf113ebfa1bb/spring-boot-autoconfigure-1.5.4.RELEASE.jar
7f1494188000-7f149419f000 r-xp 00000000 08:02 3556858                    /usr/lib/jvm/java-8-openjdk-amd64/jre/lib/amd64/libnet.so
7f149419f000-7f149439e000 ---p 00017000 08:02 3556858                    /usr/lib/jvm/java-8-openjdk-amd64/jre/lib/amd64/libnet.so
7f149439e000-7f149439f000 r--p 00016000 08:02 3556858                    /usr/lib/jvm/java-8-openjdk-amd64/jre/lib/amd64/libnet.so
7f149439f000-7f14943a0000 rw-p 00017000 08:02 3556858                    /usr/lib/jvm/java-8-openjdk-amd64/jre/lib/amd64/libnet.so
7f14943a0000-7f14943a9000 r-xp 00000000 08:02 3556856                    /usr/lib/jvm/java-8-openjdk-amd64/jre/lib/amd64/libmanagement.so
7f14943a9000-7f14945a8000 ---p 00009000 08:02 3556856                    /usr/lib/jvm/java-8-openjdk-amd64/jre/lib/amd64/libmanagement.so
7f14945a8000-7f14945a9000 r--p 00008000 08:02 3556856                    /usr/lib/jvm/java-8-openjdk-amd64/jre/lib/amd64/libmanagement.so
7f14945a9000-7f14945aa000 rw-p 00009000 08:02 3556856                    /usr/lib/jvm/java-8-openjdk-amd64/jre/lib/amd64/libmanagement.so
7f14945aa000-7f14945ad000 ---p 00000000 00:00 0 
7f14945ad000-7f14946ab000 rw-p 00000000 00:00 0 
7f14946ab000-7f14946ae000 ---p 00000000 00:00 0 
7f14946ae000-7f14947ac000 rw-p 00000000 00:00 0 
7f14947ac000-7f14947af000 ---p 00000000 00:00 0 
7f14947af000-7f14948ad000 rw-p 00000000 00:00 0 
7f14948ad000-7f14948b0000 ---p 00000000 00:00 0 
7f14948b0000-7f14949ae000 rw-p 00000000 00:00 0 
7f14949ae000-7f1494cfd000 r--p 00000000 08:02 3552586                    /usr/lib/locale/locale-archive
7f1494cfd000-7f1494d00000 ---p 00000000 00:00 0 
7f1494d00000-7f1494dfe000 rw-p 00000000 00:00 0 
7f1494dfe000-7f1494e01000 ---p 00000000 00:00 0 
7f1494e01000-7f1494eff000 rw-p 00000000 00:00 0 
7f1494eff000-7f1494f00000 ---p 00000000 00:00 0 
7f1494f00000-7f1495000000 rw-p 00000000 00:00 0 
7f1495000000-7f1495a80000 rwxp 00000000 00:00 0 
7f1495a80000-7f14a4000000 ---p 00000000 00:00 0 
7f14a4000000-7f14a54e7000 rw-p 00000000 00:00 0 
7f14a54e7000-7f14a8000000 ---p 00000000 00:00 0 
7f14a8000000-7f14a8001000 r--s 00004000 08:02 3410511                    /home/wenxing/.gradle/caches/modules-2/files-2.1/org.springframework.plugin/spring-plugin-core/1.2.0.RELEASE/f380e7760032e7d929184f8ad8a33716b75c0657/spring-plugin-core-1.2.0.RELEASE.jar
7f14a8001000-7f14a8003000 r--s 00006000 08:02 3410932                    /home/wenxing/.gradle/caches/modules-2/files-2.1/javax.transaction/javax.transaction-api/1.2/d81aff979d603edd90dcd8db2abc1f4ce6479e3e/javax.transaction-api-1.2.jar
7f14a8003000-7f14a8004000 r--s 00000000 08:02 3410908                    /home/wenxing/.gradle/caches/modules-2/files-2.1/org.springframework.boot/spring-boot-starter-jdbc/1.5.4.RELEASE/587ab04faeaeb2cbec0adf8fba68ee278d2c8764/spring-boot-starter-jdbc-1.5.4.RELEASE.jar
7f14a8004000-7f14a8005000 r--s 00000000 08:02 3410926                    /home/wenxing/.gradle/caches/modules-2/files-2.1/org.springframework.boot/spring-boot-starter-tomcat/1.5.4.RELEASE/d7e26f1d0e594bd1aab7da227649fc12c1958416/spring-boot-starter-tomcat-1.5.4.RELEASE.jar
7f14a8005000-7f14a800b000 r--s 0003d000 08:02 3410925                    /home/wenxing/.gradle/caches/modules-2/files-2.1/org.yaml/snakeyaml/1.17/7a27ea250c5130b2922b86dea63cbb1cc10a660c/snakeyaml-1.17.jar
7f14a800b000-7f14a800c000 r--s 00000000 08:02 3410913                    /home/wenxing/.gradle/caches/modules-2/files-2.1/org.springframework.boot/spring-boot-starter-logging/1.5.4.RELEASE/6b4364cfee82890ce9a9c2c59066f3a6e525debd/spring-boot-starter-logging-1.5.4.RELEASE.jar
7f14a800c000-7f14a801c000 r--s 00095000 08:02 3410912                    /home/wenxing/.gradle/caches/modules-2/files-2.1/org.springframework.boot/spring-boot/1.5.4.RELEASE/cf51bb0751c1362a417eb59824d27d2907780d2/spring-boot-1.5.4.RELEASE.jar
7f14a801c000-7f14a8021000 r--s 00027000 08:02 3412193                    /home/wenxing/.gradle/caches/modules-2/files-2.1/org.hotpotmaterial/hotpotmaterial-common/0.0.2/3f8f8b3372bdcf0a01b8f13217f73f8b1968f5df/hotpotmaterial-common-0.0.2.jar
7f14a8021000-7f14a8027000 r--s 00048000 08:02 3410488                    /home/wenxing/.gradle/caches/modules-2/files-2.1/org.apache.commons/commons-lang3/3.1/905075e6c80f206bbe6cf1e809d2caa69f420c76/commons-lang3-3.1.jar
7f14a8027000-7f14a8029000 r--s 0000c000 08:02 3410487                    /home/wenxing/.gradle/caches/modules-2/files-2.1/org.mybatis/mybatis-spring/1.3.0/d1dbdc46cac543447ffd5aeda59f1a9bb34f0912/mybatis-spring-1.3.0.jar
7f14a8029000-7f14a8043000 r--s 00169000 08:02 3410486                    /home/wenxing/.gradle/caches/modules-2/files-2.1/org.mybatis/mybatis/3.4.1/c5624f69848187a6bf1865cf64467beecdb9fa68/mybatis-3.4.1.jar
7f14a8043000-7f14a8045000 r--s 0000c000 08:02 3412210                    /home/wenxing/.gradle/caches/modules-2/files-2.1/org.json/json/20160810/aca5eb39e2a12fddd6c472b240afe9ebea3a6733/json-20160810.jar
7f14a8045000-7f14a805b000 r--s 0014a000 08:02 3410485                    /home/wenxing/.gradle/caches/modules-2/files-2.1/org.projectlombok/lombok/1.16.16/245b50f714bf89ed7659266ace12f9e509d13551/lombok-1.16.16.jar
7f14a805b000-7f14a805d000 r--s 00006000 08:02 3410484                    /home/wenxing/.gradle/caches/modules-2/files-2.1/org.hibernate/hibernate-java8/5.0.11.Final/d9ebca43493e75d1a69af511adad861bcf62e9cc/hibernate-java8-5.0.11.Final.jar
7f14a805d000-7f14a805f000 r--s 0000e000 08:02 3410483                    /home/wenxing/.gradle/caches/modules-2/files-2.1/com.github.pagehelper/pagehelper/5.0.0/46c50043829ab4aa5ce90bd0760662174cc42219/pagehelper-5.0.0.jar
7f14a805f000-7f14a8068000 r--s 000eb000 08:02 3410482                    /home/wenxing/.gradle/caches/modules-2/files-2.1/mysql/mysql-connector-java/5.1.43/dee9103eec0d877f3a21c82d4d9e9f4fbd2d6e0a/mysql-connector-java-5.1.43.jar
7f14a8068000-7f14a8083000 r--s 00394000 08:02 3556877                    /usr/lib/jvm/java-8-openjdk-amd64/jre/lib/ext/cldrdata.jar
7f14a8083000-7f14a809e000 r--s 001d6000 08:02 3556882                    /usr/lib/jvm/java-8-openjdk-amd64/jre/lib/ext/nashorn.jar
7f14a809e000-7f14a8a37000 rw-p 00000000 00:00 0 
7f14a8a37000-7f14a8c05000 r--s 03c15000 08:02 3556903                    /usr/lib/jvm/java-8-openjdk-amd64/jre/lib/rt.jar
7f14a8c05000-7f14a8c7b000 rw-p 00000000 00:00 0 
7f14a8c7b000-7f14a9760000 rw-p 00000000 00:00 0 
7f14a9760000-7f14a9761000 ---p 00000000 00:00 0 
7f14a9761000-7f14a9861000 rw-p 00000000 00:00 0 
7f14a9861000-7f14a9862000 ---p 00000000 00:00 0 
7f14a9862000-7f14a9962000 rw-p 00000000 00:00 0 
7f14a9962000-7f14a9998000 rw-p 00000000 00:00 0 
7f14a9998000-7f14a9b50000 ---p 00000000 00:00 0 
7f14a9b50000-7f14a9b86000 rw-p 00000000 00:00 0 
7f14a9b86000-7f14a9d3e000 ---p 00000000 00:00 0 
7f14a9d3e000-7f14a9e0f000 rw-p 00000000 00:00 0 
7f14a9e0f000-7f14a9e35000 ---p 00000000 00:00 0 
7f14a9e35000-7f14a9e60000 rw-p 00000000 00:00 0 
7f14a9e60000-7f14aa1f6000 ---p 00000000 00:00 0 
7f14aa1f6000-7f14aa1fe000 r-xp 00000000 08:02 3556866                    /usr/lib/jvm/java-8-openjdk-amd64/jre/lib/amd64/libzip.so
7f14aa1fe000-7f14aa3fd000 ---p 00008000 08:02 3556866                    /usr/lib/jvm/java-8-openjdk-amd64/jre/lib/amd64/libzip.so
7f14aa3fd000-7f14aa3fe000 r--p 00007000 08:02 3556866                    /usr/lib/jvm/java-8-openjdk-amd64/jre/lib/amd64/libzip.so
7f14aa3fe000-7f14aa3ff000 rw-p 00008000 08:02 3556866                    /usr/lib/jvm/java-8-openjdk-amd64/jre/lib/amd64/libzip.so
7f14aa3ff000-7f14aa409000 r-xp 00000000 08:02 4075626                    /lib/x86_64-linux-gnu/libnss_files-2.24.so
7f14aa409000-7f14aa609000 ---p 0000a000 08:02 4075626                    /lib/x86_64-linux-gnu/libnss_files-2.24.so
7f14aa609000-7f14aa60a000 r--p 0000a000 08:02 4075626                    /lib/x86_64-linux-gnu/libnss_files-2.24.so
7f14aa60a000-7f14aa60b000 rw-p 0000b000 08:02 4075626                    /lib/x86_64-linux-gnu/libnss_files-2.24.so
7f14aa60b000-7f14aa611000 rw-p 00000000 00:00 0 
7f14aa611000-7f14aa61c000 r-xp 00000000 08:02 4075628                    /lib/x86_64-linux-gnu/libnss_nis-2.24.so
7f14aa61c000-7f14aa81b000 ---p 0000b000 08:02 4075628                    /lib/x86_64-linux-gnu/libnss_nis-2.24.so
7f14aa81b000-7f14aa81c000 r--p 0000a000 08:02 4075628                    /lib/x86_64-linux-gnu/libnss_nis-2.24.so
7f14aa81c000-7f14aa81d000 rw-p 0000b000 08:02 4075628                    /lib/x86_64-linux-gnu/libnss_nis-2.24.so
7f14aa81d000-7f14aa831000 r-xp 00000000 08:02 4075623                    /lib/x86_64-linux-gnu/libnsl-2.24.so
7f14aa831000-7f14aaa31000 ---p 00014000 08:02 4075623                    /lib/x86_64-linux-gnu/libnsl-2.24.so
7f14aaa31000-7f14aaa32000 r--p 00014000 08:02 4075623                    /lib/x86_64-linux-gnu/libnsl-2.24.so
7f14aaa32000-7f14aaa33000 rw-p 00015000 08:02 4075623                    /lib/x86_64-linux-gnu/libnsl-2.24.so
7f14aaa33000-7f14aaa35000 rw-p 00000000 00:00 0 
7f14aaa35000-7f14aaa3c000 r-xp 00000000 08:02 4075624                    /lib/x86_64-linux-gnu/libnss_compat-2.24.so
7f14aaa3c000-7f14aac3b000 ---p 00007000 08:02 4075624                    /lib/x86_64-linux-gnu/libnss_compat-2.24.so
7f14aac3b000-7f14aac3c000 r--p 00006000 08:02 4075624                    /lib/x86_64-linux-gnu/libnss_compat-2.24.so
7f14aac3c000-7f14aac3d000 rw-p 00007000 08:02 4075624                    /lib/x86_64-linux-gnu/libnss_compat-2.24.so
7f14aac3d000-7f14aac6a000 r-xp 00000000 08:02 3556847                    /usr/lib/jvm/java-8-openjdk-amd64/jre/lib/amd64/libjava.so
7f14aac6a000-7f14aae69000 ---p 0002d000 08:02 3556847                    /usr/lib/jvm/java-8-openjdk-amd64/jre/lib/amd64/libjava.so
7f14aae69000-7f14aae6a000 r--p 0002c000 08:02 3556847                    /usr/lib/jvm/java-8-openjdk-amd64/jre/lib/amd64/libjava.so
7f14aae6a000-7f14aae6c000 rw-p 0002d000 08:02 3556847                    /usr/lib/jvm/java-8-openjdk-amd64/jre/lib/amd64/libjava.so
7f14aae6c000-7f14aae7b000 r-xp 00000000 08:02 3556865                    /usr/lib/jvm/java-8-openjdk-amd64/jre/lib/amd64/libverify.so
7f14aae7b000-7f14ab07b000 ---p 0000f000 08:02 3556865                    /usr/lib/jvm/java-8-openjdk-amd64/jre/lib/amd64/libverify.so
7f14ab07b000-7f14ab07d000 r--p 0000f000 08:02 3556865                    /usr/lib/jvm/java-8-openjdk-amd64/jre/lib/amd64/libverify.so
7f14ab07d000-7f14ab07e000 rw-p 00011000 08:02 3556865                    /usr/lib/jvm/java-8-openjdk-amd64/jre/lib/amd64/libverify.so
7f14ab07e000-7f14ab085000 r-xp 00000000 08:02 4075633                    /lib/x86_64-linux-gnu/librt-2.24.so
7f14ab085000-7f14ab284000 ---p 00007000 08:02 4075633                    /lib/x86_64-linux-gnu/librt-2.24.so
7f14ab284000-7f14ab285000 r--p 00006000 08:02 4075633                    /lib/x86_64-linux-gnu/librt-2.24.so
7f14ab285000-7f14ab286000 rw-p 00007000 08:02 4075633                    /lib/x86_64-linux-gnu/librt-2.24.so
7f14ab286000-7f14ab29c000 r-xp 00000000 08:02 4075605                    /lib/x86_64-linux-gnu/libgcc_s.so.1
7f14ab29c000-7f14ab49b000 ---p 00016000 08:02 4075605                    /lib/x86_64-linux-gnu/libgcc_s.so.1
7f14ab49b000-7f14ab49c000 r--p 00015000 08:02 4075605                    /lib/x86_64-linux-gnu/libgcc_s.so.1
7f14ab49c000-7f14ab49d000 rw-p 00016000 08:02 4075605                    /lib/x86_64-linux-gnu/libgcc_s.so.1
7f14ab49d000-7f14ab5a0000 r-xp 00000000 08:02 4075620                    /lib/x86_64-linux-gnu/libm-2.24.so
7f14ab5a0000-7f14ab79f000 ---p 00103000 08:02 4075620                    /lib/x86_64-linux-gnu/libm-2.24.so
7f14ab79f000-7f14ab7a0000 r--p 00102000 08:02 4075620                    /lib/x86_64-linux-gnu/libm-2.24.so
7f14ab7a0000-7f14ab7a1000 rw-p 00103000 08:02 4075620                    /lib/x86_64-linux-gnu/libm-2.24.so
7f14ab7a1000-7f14ab913000 r-xp 00000000 08:02 3677676                    /usr/lib/x86_64-linux-gnu/libstdc++.so.6.0.24
7f14ab913000-7f14abb13000 ---p 00172000 08:02 3677676                    /usr/lib/x86_64-linux-gnu/libstdc++.so.6.0.24
7f14abb13000-7f14abb1d000 r--p 00172000 08:02 3677676                    /usr/lib/x86_64-linux-gnu/libstdc++.so.6.0.24
7f14abb1d000-7f14abb1f000 rw-p 0017c000 08:02 3677676                    /usr/lib/x86_64-linux-gnu/libstdc++.so.6.0.24
7f14abb1f000-7f14abb22000 rw-p 00000000 00:00 0 
7f14abb22000-7f14ac77b000 r-xp 00000000 08:02 3556868                    /usr/lib/jvm/java-8-openjdk-amd64/jre/lib/amd64/server/libjvm.so
7f14ac77b000-7f14ac97b000 ---p 00c59000 08:02 3556868                    /usr/lib/jvm/java-8-openjdk-amd64/jre/lib/amd64/server/libjvm.so
7f14ac97b000-7f14aca0e000 r--p 00c59000 08:02 3556868                    /usr/lib/jvm/java-8-openjdk-amd64/jre/lib/amd64/server/libjvm.so
7f14aca0e000-7f14aca37000 rw-p 00cec000 08:02 3556868                    /usr/lib/jvm/java-8-openjdk-amd64/jre/lib/amd64/server/libjvm.so
7f14aca37000-7f14aca67000 rw-p 00000000 00:00 0 
7f14aca67000-7f14acbfc000 r-xp 00000000 08:02 4075611                    /lib/x86_64-linux-gnu/libc-2.24.so
7f14acbfc000-7f14acdfc000 ---p 00195000 08:02 4075611                    /lib/x86_64-linux-gnu/libc-2.24.so
7f14acdfc000-7f14ace00000 r--p 00195000 08:02 4075611                    /lib/x86_64-linux-gnu/libc-2.24.so
7f14ace00000-7f14ace02000 rw-p 00199000 08:02 4075611                    /lib/x86_64-linux-gnu/libc-2.24.so
7f14ace02000-7f14ace06000 rw-p 00000000 00:00 0 
7f14ace06000-7f14ace09000 r-xp 00000000 08:02 4075619                    /lib/x86_64-linux-gnu/libdl-2.24.so
7f14ace09000-7f14ad008000 ---p 00003000 08:02 4075619                    /lib/x86_64-linux-gnu/libdl-2.24.so
7f14ad008000-7f14ad009000 r--p 00002000 08:02 4075619                    /lib/x86_64-linux-gnu/libdl-2.24.so
7f14ad009000-7f14ad00a000 rw-p 00003000 08:02 4075619                    /lib/x86_64-linux-gnu/libdl-2.24.so
7f14ad00a000-7f14ad017000 r-xp 00000000 08:02 3551634                    /usr/lib/jvm/java-8-openjdk-amd64/jre/lib/amd64/jli/libjli.so
7f14ad017000-7f14ad217000 ---p 0000d000 08:02 3551634                    /usr/lib/jvm/java-8-openjdk-amd64/jre/lib/amd64/jli/libjli.so
7f14ad217000-7f14ad218000 r--p 0000d000 08:02 3551634                    /usr/lib/jvm/java-8-openjdk-amd64/jre/lib/amd64/jli/libjli.so
7f14ad218000-7f14ad219000 rw-p 0000e000 08:02 3551634                    /usr/lib/jvm/java-8-openjdk-amd64/jre/lib/amd64/jli/libjli.so
7f14ad219000-7f14ad232000 r-xp 00000000 08:02 4065671                    /lib/x86_64-linux-gnu/libz.so.1.2.8
7f14ad232000-7f14ad431000 ---p 00019000 08:02 4065671                    /lib/x86_64-linux-gnu/libz.so.1.2.8
7f14ad431000-7f14ad432000 r--p 00018000 08:02 4065671                    /lib/x86_64-linux-gnu/libz.so.1.2.8
7f14ad432000-7f14ad433000 rw-p 00019000 08:02 4065671                    /lib/x86_64-linux-gnu/libz.so.1.2.8
7f14ad433000-7f14ad44b000 r-xp 00000000 08:02 4075631                    /lib/x86_64-linux-gnu/libpthread-2.24.so
7f14ad44b000-7f14ad64a000 ---p 00018000 08:02 4075631                    /lib/x86_64-linux-gnu/libpthread-2.24.so
7f14ad64a000-7f14ad64b000 r--p 00017000 08:02 4075631                    /lib/x86_64-linux-gnu/libpthread-2.24.so
7f14ad64b000-7f14ad64c000 rw-p 00018000 08:02 4075631                    /lib/x86_64-linux-gnu/libpthread-2.24.so
7f14ad64c000-7f14ad650000 rw-p 00000000 00:00 0 
7f14ad650000-7f14ad673000 r-xp 00000000 08:02 4075606                    /lib/x86_64-linux-gnu/ld-2.24.so
7f14ad673000-7f14ad674000 r--s 00004000 08:02 3412253                    /home/wenxing/.gradle/caches/modules-2/files-2.1/com.alibaba/druid-spring-boot-starter/1.1.9/7c133b4dbf3c94e1dd81c5bb5e4a4724ffa15d5e/druid-spring-boot-starter-1.1.9.jar
7f14ad674000-7f14ad677000 r--s 00065000 08:02 3410480                    /home/wenxing/.gradle/caches/modules-2/files-2.1/io.springfox/springfox-swagger-ui/2.7.0/92608eb6c2056810b4e3189196b4e8cce645d6de/springfox-swagger-ui-2.7.0.jar
7f14ad677000-7f14ad67a000 r--s 0000d000 08:02 3410479                    /home/wenxing/.gradle/caches/modules-2/files-2.1/io.springfox/springfox-swagger2/2.7.0/dd28b7ce26af1209d6ef19f5f24a8c23b41ca6fc/springfox-swagger2-2.7.0.jar
7f14ad67a000-7f14ad67c000 r--s 00014000 08:02 3410478                    /home/wenxing/.gradle/caches/modules-2/files-2.1/com.fasterxml.jackson.datatype/jackson-datatype-jsr310/2.8.8/c84e77d8e21625efa6129b8116bf0b0b3aae7d9b/jackson-datatype-jsr310-2.8.8.jar
7f14ad67c000-7f14ad67f000 r--s 00010000 08:02 3410477                    /home/wenxing/.gradle/caches/modules-2/files-2.1/com.fasterxml.jackson.module/jackson-module-jsonSchema/2.8.8/b65a1ce84371f706c004c92e6bc573f4b9e44904/jackson-module-jsonSchema-2.8.8.jar
7f14ad67f000-7f14ad680000 r--s 00000000 08:02 3410905                    /home/wenxing/.gradle/caches/modules-2/files-2.1/org.springframework.boot/spring-boot-starter-data-jpa/1.5.4.RELEASE/61bafdbd6d31e67b024c432de34a19b35e46c062/spring-boot-starter-data-jpa-1.5.4.RELEASE.jar
7f14ad680000-7f14ad681000 r--s 00000000 08:02 3410907                    /home/wenxing/.gradle/caches/modules-2/files-2.1/org.springframework.boot/spring-boot-starter-actuator/1.5.4.RELEASE/10f526d22f58a32a8c3af26ccb0a6f16f4649935/spring-boot-starter-actuator-1.5.4.RELEASE.jar
7f14ad681000-7f14ad682000 r--s 00000000 08:02 3410906                    /home/wenxing/.gradle/caches/modules-2/files-2.1/org.springframework.boot/spring-boot-starter-aop/1.5.4.RELEASE/1650672554abd364c728de5ce1aba7c28181968c/spring-boot-starter-aop-1.5.4.RELEASE.jar
7f14ad682000-7f14ad683000 r--s 00000000 08:02 3410904                    /home/wenxing/.gradle/caches/modules-2/files-2.1/org.springframework.boot/spring-boot-starter-web/1.5.4.RELEASE/5d6c554f34b20dffcbdfc7edf9b80956e2dace/spring-boot-starter-web-1.5.4.RELEASE.jar
7f14ad683000-7f14ad684000 r--s 00000000 08:02 3410909                    /home/wenxing/.gradle/caches/modules-2/files-2.1/org.springframework.boot/spring-boot-starter/1.5.4.RELEASE/74d5aa641503ddd12833c82cc19b295f9f40e8fa/spring-boot-starter-1.5.4.RELEASE.jar
7f14ad684000-7f14ad686000 r--s 00001000 08:02 3556878                    /usr/lib/jvm/java-8-openjdk-amd64/jre/lib/ext/dnsns.jar
7f14ad686000-7f14ad688000 r--s 00008000 08:02 3556883                    /usr/lib/jvm/java-8-openjdk-amd64/jre/lib/ext/sunec.jar
7f14ad688000-7f14ad72c000 rw-p 00000000 00:00 0 
7f14ad72c000-7f14ad749000 rw-p 00000000 00:00 0 
7f14ad749000-7f14ad74c000 ---p 00000000 00:00 0 
7f14ad74c000-7f14ad84c000 rw-p 00000000 00:00 0 
7f14ad84c000-7f14ad856000 r--s 00116000 08:02 3556881                    /usr/lib/jvm/java-8-openjdk-amd64/jre/lib/ext/localedata.jar
7f14ad856000-7f14ad857000 r--s 00010000 08:02 3556886                    /usr/lib/jvm/java-8-openjdk-amd64/jre/lib/ext/zipfs.jar
7f14ad857000-7f14ad85a000 r--s 0000f000 08:02 3556879                    /usr/lib/jvm/java-8-openjdk-amd64/jre/lib/ext/icedtea-sound.jar
7f14ad85a000-7f14ad85b000 r--s 0000a000 08:02 3556880                    /usr/lib/jvm/java-8-openjdk-amd64/jre/lib/ext/jaccess.jar
7f14ad85b000-7f14ad860000 r--s 0003b000 08:02 3556884                    /usr/lib/jvm/java-8-openjdk-amd64/jre/lib/ext/sunjce_provider.jar
7f14ad860000-7f14ad862000 r--s 00007000 08:02 4856992                    /usr/share/java/java-atk-wrapper.jar
7f14ad862000-7f14ad866000 r--s 00037000 08:02 3556885                    /usr/lib/jvm/java-8-openjdk-amd64/jre/lib/ext/sunpkcs11.jar
7f14ad866000-7f14ad86e000 rw-s 00000000 08:02 3413411                    /tmp/hsperfdata_wenxing/10512
7f14ad86e000-7f14ad86f000 rw-p 00000000 00:00 0 
7f14ad86f000-7f14ad870000 ---p 00000000 00:00 0 
7f14ad870000-7f14ad873000 rw-p 00000000 00:00 0 
7f14ad873000-7f14ad874000 r--p 00023000 08:02 4075606                    /lib/x86_64-linux-gnu/ld-2.24.so
7f14ad874000-7f14ad875000 rw-p 00024000 08:02 4075606                    /lib/x86_64-linux-gnu/ld-2.24.so
7f14ad875000-7f14ad876000 rw-p 00000000 00:00 0 
7ffed4885000-7ffed48ac000 rw-p 00000000 00:00 0                          [stack]
7ffed493e000-7ffed4941000 r--p 00000000 00:00 0                          [vvar]
7ffed4941000-7ffed4943000 r-xp 00000000 00:00 0                          [vdso]

VM Arguments:
jvm_args: -Dcom.sun.management.jmxremote -Dcom.sun.management.jmxremote.port=39159 -Dcom.sun.management.jmxremote.authenticate=false -Dcom.sun.management.jmxremote.ssl=false -Djava.rmi.server.hostname=localhost -Dspring.liveBeansView.mbeanDomain -Dspring.application.admin.enabled=true -Djava.security.egd=file:/dev/./urandom -Xverify:none -XX:TieredStopAtLevel=1 -Dfile.encoding=UTF-8 -Dawt.useSystemAAFontSettings=gasp 
java_command: org.hotpotmaterial.code.Application --spring.output.ansi.enabled=always
java_class_path (initial): /home/wenxing/Projects/titan-open-source/hotpotmaterial-code2/bin:/home/wenxing/.gradle/caches/modules-2/files-2.1/org.springframework.boot/spring-boot-starter/1.5.4.RELEASE/74d5aa641503ddd12833c82cc19b295f9f40e8fa/spring-boot-starter-1.5.4.RELEASE.jar:/home/wenxing/.gradle/caches/modules-2/files-2.1/org.springframework.boot/spring-boot-starter-web/1.5.4.RELEASE/5d6c554f34b20dffcbdfc7edf9b80956e2dace/spring-boot-starter-web-1.5.4.RELEASE.jar:/home/wenxing/.gradle/caches/modules-2/files-2.1/org.springframework.boot/spring-boot-starter-aop/1.5.4.RELEASE/1650672554abd364c728de5ce1aba7c28181968c/spring-boot-starter-aop-1.5.4.RELEASE.jar:/home/wenxing/.gradle/caches/modules-2/files-2.1/org.springframework.boot/spring-boot-starter-actuator/1.5.4.RELEASE/10f526d22f58a32a8c3af26ccb0a6f16f4649935/spring-boot-starter-actuator-1.5.4.RELEASE.jar:/home/wenxing/.gradle/caches/modules-2/files-2.1/org.springframework.boot/spring-boot-starter-data-jpa/1.5.4.RELEASE/61bafdbd6d31e67b024c432de34a19b35e46c062/spring-boot-starter-data-jpa-1.5.4.RELEASE.jar:/home/wenxing/.gradle/caches/modules-2/files-2.1/com.fasterxml.jackson.module/jackson-module-jsonSchema/2.8.8/b65a1ce84371f706c004c92e6bc573f4b9e44904/jackson-module-jsonSchema-2.8.8.jar:/home/wenxing/.gradle/caches/modules-2/files-2.1/com.fasterxml.jackson.datatype/jackson-datatype-jsr310/2.8.8/c84e77d8e21625efa6129b8116bf0b0b3aae7d9b/jackson-datatype-jsr310-2.8.8.jar:/home/wenxing/.gradle/caches/modules-2/files-2.1/io.springfox/springfox-swagger2/2.7.0/dd28b7ce26af1209d6ef19f5f24a8c23b41ca6fc/springfox-swagger2-2.7.0.jar:/home/wenxing/.gradle/caches/modules-2/files-2.1/io.springfox/springfox-swagger-ui/2.7.0/92608eb6c2056810b4e3189196b4e8cce645d6de/springfox-swagger-ui-2.7.0.jar:/home/wenxing/.gradle/caches/modules-2/files-2.1/com.alibaba/druid-spring-boot-starter/1.1.9/7c133b4dbf3c94e1dd81c5bb5e4a4724ffa15d5e/druid-spring-boot-starter-1.1.9.jar:/home/wenxing/.gradle/caches/modules-2/files-2.1/mysql/mysql
Launcher Type: SUN_STANDARD

Environment Variables:
JAVA_HOME=/usr/lib/jvm/jdk1.8.0_161
_JAVA_OPTIONS=  -Dawt.useSystemAAFontSettings=gasp
CLASSPATH=.:/usr/lib/jvm/jdk1.8.0_161/lib/dt.jar:/usr/lib/jvm/jdk1.8.0_161/lib/tools.jar
PATH=/home/wenxing/GNUstep/Tools:/usr/local/bin:/usr/bin:/bin:/usr/local/games:/usr/games:/sbin:/usr/sbin:/usr/lib/jvm/jdk1.8.0_161/bin:.:/usr/lib/jvm/jdk1.8.0_161/lib/dt.jar:/usr/lib/jvm/jdk1.8.0_161/lib/tools.jar:/home/wenxing/.rvm/bin
SHELL=/bin/bash
DISPLAY=:0

Signal Handlers:
SIGSEGV: [libjvm.so+0xa6f4f0], sa_mask[0]=11111111011111111101111111111110, sa_flags=SA_RESTART|SA_SIGINFO
SIGBUS: [libjvm.so+0xa6f4f0], sa_mask[0]=11111111011111111101111111111110, sa_flags=SA_RESTART|SA_SIGINFO
SIGFPE: [libjvm.so+0x8b95e0], sa_mask[0]=11111111011111111101111111111110, sa_flags=SA_RESTART|SA_SIGINFO
SIGPIPE: [libjvm.so+0x8b95e0], sa_mask[0]=11111111011111111101111111111110, sa_flags=SA_RESTART|SA_SIGINFO
SIGXFSZ: [libjvm.so+0x8b95e0], sa_mask[0]=11111111011111111101111111111110, sa_flags=SA_RESTART|SA_SIGINFO
SIGILL: [libjvm.so+0x8b95e0], sa_mask[0]=11111111011111111101111111111110, sa_flags=SA_RESTART|SA_SIGINFO
SIGUSR1: SIG_DFL, sa_mask[0]=00000000000000000000000000000000, sa_flags=none
SIGUSR2: [libjvm.so+0x8b9490], sa_mask[0]=00100000000000000000000000000000, sa_flags=SA_RESTART|SA_SIGINFO
SIGHUP: SIG_IGN, sa_mask[0]=00000000000000000000000000000000, sa_flags=none
SIGINT: [libjvm.so+0x8b9940], sa_mask[0]=11111111011111111101111111111110, sa_flags=SA_RESTART|SA_SIGINFO
SIGTERM: [libjvm.so+0x8b9940], sa_mask[0]=11111111011111111101111111111110, sa_flags=SA_RESTART|SA_SIGINFO
SIGQUIT: [libjvm.so+0x8b9940], sa_mask[0]=11111111011111111101111111111110, sa_flags=SA_RESTART|SA_SIGINFO


---------------  S Y S T E M  ---------------

OS:DISTRIB_ID=Deepin
DISTRIB_RELEASE=15.5
DISTRIB_DESCRIPTION="Deepin 15.5 "
DISTRIB_CODENAME=unstable

uname:Linux 4.14.0-deepin2-amd64 #1 SMP PREEMPT Deepin 4.14.12-2 (2018-01-06) x86_64
libc:glibc 2.24 NPTL 2.24 
rlimit: STACK 8192k, CORE 0k, NPROC 23509, NOFILE 1048576, AS infinity
load average:3.09 3.77 2.58

/proc/meminfo:
MemTotal:        6067880 kB
MemFree:          127312 kB
MemAvailable:      34616 kB
Buffers:            1060 kB
Cached:           453312 kB
SwapCached:            0 kB
Active:          5276028 kB
Inactive:         436404 kB
Active(anon):    5262428 kB
Inactive(anon):   417548 kB
Active(file):      13600 kB
Inactive(file):    18856 kB
Unevictable:        1012 kB
Mlocked:            1012 kB
SwapTotal:             0 kB
SwapFree:              0 kB
Dirty:               160 kB
Writeback:             0 kB
AnonPages:       5259176 kB
Mapped:           110728 kB
Shmem:            421820 kB
Slab:              89808 kB
SReclaimable:      35688 kB
SUnreclaim:        54120 kB
KernelStack:       14160 kB
PageTables:        66680 kB
NFS_Unstable:          0 kB
Bounce:                0 kB
WritebackTmp:          0 kB
CommitLimit:     3033940 kB
Committed_AS:   11825392 kB
VmallocTotal:   34359738367 kB
VmallocUsed:           0 kB
VmallocChunk:          0 kB
HardwareCorrupted:     0 kB
AnonHugePages:   2074624 kB
ShmemHugePages:        0 kB
ShmemPmdMapped:        0 kB
HugePages_Total:       0
HugePages_Free:        0
HugePages_Rsvd:        0
HugePages_Surp:        0
Hugepagesize:       2048 kB
DirectMap4k:      178940 kB
DirectMap2M:     6072320 kB


CPU:total 2 (initial active 2) (2 cores per cpu, 1 threads per core) family 6 model 23 stepping 10, cmov, cx8, fxsr, mmx, sse, sse2, sse3, ssse3, tsc

/proc/cpuinfo:
processor	: 0
vendor_id	: GenuineIntel
cpu family	: 6
model		: 23
model name	: Pentium(R) Dual-Core CPU       T4500  @ 2.30GHz
stepping	: 10
microcode	: 0xa07
cpu MHz		: 1600.000
cache size	: 1024 KB
physical id	: 0
siblings	: 2
core id		: 0
cpu cores	: 2
apicid		: 0
initial apicid	: 0
fpu		: yes
fpu_exception	: yes
cpuid level	: 13
wp		: yes
flags		: fpu vme de pse tsc msr pae mce cx8 apic sep mtrr pge mca cmov pat pse36 clflush dts acpi mmx fxsr sse sse2 ss ht tm pbe syscall nx lm constant_tsc arch_perfmon pebs bts rep_good nopl cpuid aperfmperf pni dtes64 monitor ds_cpl est tm2 ssse3 cx16 xtpr pdcm xsave lahf_lm pti dtherm
bugs		: cpu_insecure
bogomips	: 4588.38
clflush size	: 64
cache_alignment	: 64
address sizes	: 36 bits physical, 48 bits virtual
power management:

processor	: 1
vendor_id	: GenuineIntel
cpu family	: 6
model		: 23
model name	: Pentium(R) Dual-Core CPU       T4500  @ 2.30GHz
stepping	: 10
microcode	: 0xa07
cpu MHz		: 2300.000
cache size	: 1024 KB
physical id	: 0
siblings	: 2
core id		: 1
cpu cores	: 2
apicid		: 1
initial apicid	: 1
fpu		: yes
fpu_exception	: yes
cpuid level	: 13
wp		: yes
flags		: fpu vme de pse tsc msr pae mce cx8 apic sep mtrr pge mca cmov pat pse36 clflush dts acpi mmx fxsr sse sse2 ss ht tm pbe syscall nx lm constant_tsc arch_perfmon pebs bts rep_good nopl cpuid aperfmperf pni dtes64 monitor ds_cpl est tm2 ssse3 cx16 xtpr pdcm xsave lahf_lm pti dtherm
bugs		: cpu_insecure
bogomips	: 4588.38
clflush size	: 64
cache_alignment	: 64
address sizes	: 36 bits physical, 48 bits virtual
power management:



Memory: 4k page, physical 6067880k(127312k free), swap 0k(0k free)

vm_info: OpenJDK 64-Bit Server VM (25.141-b15) for linux-amd64 JRE (1.8.0_141-8u141-b15-3-b15), built on Jul 25 2017 15:03:27 by "buildd" with gcc 6.4.0 20170704

time: Thu Apr 12 21:31:02 2018
elapsed time: 29 seconds (0d 0h 0m 29s)

